2025-11-29 13:35:57 [main] INFO  org.example.editors_uz.Application - Starting Application using Java 25.0.1 with PID 11312 (C:\editors_uz\target\classes started by Samandar Error in C:\editors_uz)
2025-11-29 13:35:57 [main] DEBUG org.example.editors_uz.Application - Running with Spring Boot v4.0.0, Spring v7.0.1
2025-11-29 13:35:57 [main] INFO  org.example.editors_uz.Application - No active profile set, falling back to 1 default profile: "default"
2025-11-29 13:35:59 [main] INFO  o.s.d.r.c.RepositoryConfigurationDelegate - Bootstrapping Spring Data JPA repositories in DEFAULT mode.
2025-11-29 13:35:59 [main] INFO  o.s.d.r.c.RepositoryConfigurationDelegate - Finished Spring Data repository scanning in 64 ms. Found 5 JPA repository interfaces.
2025-11-29 13:36:00 [main] INFO  o.s.boot.tomcat.TomcatWebServer - Tomcat initialized with port 8080 (http)
2025-11-29 13:36:00 [main] INFO  o.a.catalina.core.StandardService - Starting service [Tomcat]
2025-11-29 13:36:00 [main] INFO  o.a.catalina.core.StandardEngine - Starting Servlet engine: [Apache Tomcat/11.0.14]
2025-11-29 13:36:00 [main] INFO  o.s.b.w.c.s.WebApplicationContextInitializer - Root WebApplicationContext: initialization completed in 2410 ms
2025-11-29 13:36:00 [main] INFO  o.h.jpa.internal.util.LogHelper - HHH000204: Processing PersistenceUnitInfo [name: default]
2025-11-29 13:36:00 [main] INFO  org.hibernate.Version - HHH000412: Hibernate ORM core version 7.1.8.Final
2025-11-29 13:36:01 [main] INFO  o.s.o.j.p.SpringPersistenceUnitInfo - No LoadTimeWeaver setup: ignoring JPA class transformer
2025-11-29 13:36:01 [main] INFO  com.zaxxer.hikari.HikariDataSource - EditorsHikariPool - Starting...
2025-11-29 13:36:04 [main] INFO  com.zaxxer.hikari.pool.HikariPool - EditorsHikariPool - Added connection org.postgresql.jdbc.PgConnection@5c60f096
2025-11-29 13:36:04 [main] INFO  com.zaxxer.hikari.HikariDataSource - EditorsHikariPool - Start completed.
2025-11-29 13:36:04 [main] WARN  org.hibernate.orm.deprecation - HHH90000025: PostgreSQLDialect does not need to be specified explicitly using 'hibernate.dialect' (remove the property setting and it will be selected by default)
2025-11-29 13:36:05 [main] INFO  o.hibernate.orm.connections.pooling - HHH10001005: Database info:
	Database JDBC URL [jdbc:postgresql://ep-dawn-bonus-a18m2whh-pooler.ap-southeast-1.aws.neon.tech:5432/neondb]
	Database driver: PostgreSQL JDBC Driver
	Database dialect: PostgreSQLDialect
	Database version: 17.6
	Default catalog/schema: neondb/public
	Autocommit mode: undefined/unknown
	Isolation level: READ_COMMITTED [default READ_COMMITTED]
	JDBC fetch size: none
	Pool: DatasourceConnectionProviderImpl
	Minimum pool size: undefined/unknown
	Maximum pool size: undefined/unknown
2025-11-29 13:36:06 [main] INFO  o.h.e.t.j.p.i.JtaPlatformInitiator - HHH000489: No JTA platform available (set 'hibernate.transaction.jta.platform' to enable JTA platform integration)
2025-11-29 13:36:06 [main] INFO  org.hibernate.orm.jdbc.batch - HHH100501: Automatic JDBC statement batching enabled (maximum batch size 20)
2025-11-29 13:36:10 [main] INFO  o.s.o.j.LocalContainerEntityManagerFactoryBean - Initialized JPA EntityManagerFactory for persistence unit 'default'
2025-11-29 13:36:10 [main] INFO  o.s.d.j.r.q.QueryEnhancerFactories - Hibernate is in classpath; If applicable, HQL parser will be used.
2025-11-29 13:36:11 [main] DEBUG o.e.e.c.CookieAuthenticationFilter - Filter 'cookieAuthenticationFilter' configured for use
2025-11-29 13:36:12 [main] INFO  o.s.s.c.a.a.c.InitializeUserDetailsBeanManagerConfigurer$InitializeUserDetailsManagerConfigurer - Global AuthenticationManager configured with UserDetailsService bean with name inMemoryUserDetailsManager
2025-11-29 13:36:13 [main] DEBUG o.s.s.web.DefaultSecurityFilterChain - Will secure any request with filters: DisableEncodeUrlFilter, WebAsyncManagerIntegrationFilter, SecurityContextHolderFilter, HeaderWriterFilter, CsrfFilter, LogoutFilter, CookieAuthenticationFilter, RequestCacheAwareFilter, SecurityContextHolderAwareRequestFilter, AnonymousAuthenticationFilter, SessionManagementFilter, ExceptionTranslationFilter, AuthorizationFilter
2025-11-29 13:36:13 [main] INFO  o.s.b.w.a.WelcomePageHandlerMapping - Adding welcome page template: index
2025-11-29 13:36:14 [main] INFO  o.s.boot.tomcat.TomcatWebServer - Tomcat started on port 8080 (http) with context path '/'
2025-11-29 13:36:14 [main] INFO  org.example.editors_uz.Application - Started Application in 17.441 seconds (process running for 19.021)
2025-11-29 13:36:14 [http-nio-8080-exec-1] INFO  o.a.c.c.C.[Tomcat].[localhost].[/] - Initializing Spring DispatcherServlet 'dispatcherServlet'
2025-11-29 13:36:14 [http-nio-8080-exec-1] INFO  o.s.web.servlet.DispatcherServlet - Initializing Servlet 'dispatcherServlet'
2025-11-29 13:36:14 [http-nio-8080-exec-1] INFO  o.s.web.servlet.DispatcherServlet - Completed initialization in 3 ms
2025-11-29 13:36:14 [http-nio-8080-exec-1] DEBUG o.s.security.web.FilterChainProxy - Securing GET /
2025-11-29 13:36:14 [http-nio-8080-exec-1] DEBUG o.e.e.c.CookieAuthenticationFilter - Processing request: /
2025-11-29 13:36:14 [http-nio-8080-exec-1] DEBUG o.e.e.c.CookieAuthenticationFilter - AUTH_TOKEN cookie topildi
2025-11-29 13:36:14 [http-nio-8080-exec-1] DEBUG o.e.e.c.CookieAuthenticationFilter - Token topildi: 63d7c4c6...
2025-11-29 13:36:16 [http-nio-8080-exec-1] DEBUG org.hibernate.SQL - select u1_0.id,u1_0.create_time,u1_0.enabled,u1_0.key,u1_0.password,u1_0.role,u1_0.salary,u1_0.update_time,u1_0.username from users u1_0 where u1_0.key=?
2025-11-29 13:36:16 [http-nio-8080-exec-1] INFO  o.e.e.c.CookieAuthenticationFilter - Foydalanuvchi autentifikatsiya qilindi: Samandarerro
2025-11-29 13:36:16 [http-nio-8080-exec-1] DEBUG o.e.e.c.CookieAuthenticationFilter - Authentication context o'rnatildi
2025-11-29 13:36:16 [http-nio-8080-exec-1] DEBUG o.s.security.web.FilterChainProxy - Secured GET /
2025-11-29 13:36:16 [http-nio-8080-exec-1] DEBUG org.hibernate.SQL - select u1_0.id,u1_0.create_time,u1_0.enabled,u1_0.key,u1_0.password,u1_0.role,u1_0.salary,u1_0.update_time,u1_0.username from users u1_0 where u1_0.key=?
2025-11-29 13:36:17 [http-nio-8080-exec-3] DEBUG o.s.security.web.FilterChainProxy - Securing GET /img/logo.png
2025-11-29 13:36:17 [http-nio-8080-exec-3] DEBUG o.e.e.c.CookieAuthenticationFilter - Processing request: /img/logo.png
2025-11-29 13:36:17 [http-nio-8080-exec-3] DEBUG o.e.e.c.CookieAuthenticationFilter - AUTH_TOKEN cookie topildi
2025-11-29 13:36:17 [http-nio-8080-exec-3] DEBUG o.e.e.c.CookieAuthenticationFilter - Token topildi: 63d7c4c6...
2025-11-29 13:36:17 [http-nio-8080-exec-4] DEBUG o.s.security.web.FilterChainProxy - Securing GET /img/slection2.png
2025-11-29 13:36:17 [http-nio-8080-exec-4] DEBUG o.e.e.c.CookieAuthenticationFilter - Processing request: /img/slection2.png
2025-11-29 13:36:17 [http-nio-8080-exec-4] DEBUG o.e.e.c.CookieAuthenticationFilter - AUTH_TOKEN cookie topildi
2025-11-29 13:36:17 [http-nio-8080-exec-4] DEBUG o.e.e.c.CookieAuthenticationFilter - Token topildi: 63d7c4c6...
2025-11-29 13:36:17 [http-nio-8080-exec-4] DEBUG org.hibernate.SQL - select u1_0.id,u1_0.create_time,u1_0.enabled,u1_0.key,u1_0.password,u1_0.role,u1_0.salary,u1_0.update_time,u1_0.username from users u1_0 where u1_0.key=?
2025-11-29 13:36:17 [http-nio-8080-exec-3] DEBUG org.hibernate.SQL - select u1_0.id,u1_0.create_time,u1_0.enabled,u1_0.key,u1_0.password,u1_0.role,u1_0.salary,u1_0.update_time,u1_0.username from users u1_0 where u1_0.key=?
2025-11-29 13:36:17 [http-nio-8080-exec-2] DEBUG o.s.security.web.FilterChainProxy - Securing GET /img/section3.png
2025-11-29 13:36:17 [http-nio-8080-exec-5] DEBUG o.s.security.web.FilterChainProxy - Securing GET /img/admin.jpg
2025-11-29 13:36:17 [http-nio-8080-exec-2] DEBUG o.e.e.c.CookieAuthenticationFilter - Processing request: /img/section3.png
2025-11-29 13:36:17 [http-nio-8080-exec-5] DEBUG o.e.e.c.CookieAuthenticationFilter - Processing request: /img/admin.jpg
2025-11-29 13:36:17 [http-nio-8080-exec-5] DEBUG o.e.e.c.CookieAuthenticationFilter - AUTH_TOKEN cookie topildi
2025-11-29 13:36:17 [http-nio-8080-exec-2] DEBUG o.e.e.c.CookieAuthenticationFilter - AUTH_TOKEN cookie topildi
2025-11-29 13:36:17 [http-nio-8080-exec-5] DEBUG o.e.e.c.CookieAuthenticationFilter - Token topildi: 63d7c4c6...
2025-11-29 13:36:17 [http-nio-8080-exec-2] DEBUG o.e.e.c.CookieAuthenticationFilter - Token topildi: 63d7c4c6...
2025-11-29 13:36:17 [http-nio-8080-exec-5] DEBUG org.hibernate.SQL - select u1_0.id,u1_0.create_time,u1_0.enabled,u1_0.key,u1_0.password,u1_0.role,u1_0.salary,u1_0.update_time,u1_0.username from users u1_0 where u1_0.key=?
2025-11-29 13:36:17 [http-nio-8080-exec-2] DEBUG org.hibernate.SQL - select u1_0.id,u1_0.create_time,u1_0.enabled,u1_0.key,u1_0.password,u1_0.role,u1_0.salary,u1_0.update_time,u1_0.username from users u1_0 where u1_0.key=?
2025-11-29 13:36:17 [http-nio-8080-exec-6] DEBUG o.s.security.web.FilterChainProxy - Securing GET /img/hero.png
2025-11-29 13:36:17 [http-nio-8080-exec-6] DEBUG o.e.e.c.CookieAuthenticationFilter - Processing request: /img/hero.png
2025-11-29 13:36:17 [http-nio-8080-exec-6] DEBUG o.e.e.c.CookieAuthenticationFilter - AUTH_TOKEN cookie topildi
2025-11-29 13:36:17 [http-nio-8080-exec-6] DEBUG o.e.e.c.CookieAuthenticationFilter - Token topildi: 63d7c4c6...
2025-11-29 13:36:17 [http-nio-8080-exec-6] DEBUG org.hibernate.SQL - select u1_0.id,u1_0.create_time,u1_0.enabled,u1_0.key,u1_0.password,u1_0.role,u1_0.salary,u1_0.update_time,u1_0.username from users u1_0 where u1_0.key=?
2025-11-29 13:36:18 [http-nio-8080-exec-3] INFO  o.e.e.c.CookieAuthenticationFilter - Foydalanuvchi autentifikatsiya qilindi: Samandarerro
2025-11-29 13:36:18 [http-nio-8080-exec-4] INFO  o.e.e.c.CookieAuthenticationFilter - Foydalanuvchi autentifikatsiya qilindi: Samandarerro
2025-11-29 13:36:18 [http-nio-8080-exec-4] DEBUG o.e.e.c.CookieAuthenticationFilter - Authentication context o'rnatildi
2025-11-29 13:36:18 [http-nio-8080-exec-3] DEBUG o.e.e.c.CookieAuthenticationFilter - Authentication context o'rnatildi
2025-11-29 13:36:18 [http-nio-8080-exec-4] DEBUG o.s.security.web.FilterChainProxy - Secured GET /img/slection2.png
2025-11-29 13:36:18 [http-nio-8080-exec-3] DEBUG o.s.security.web.FilterChainProxy - Secured GET /img/logo.png
2025-11-29 13:36:18 [http-nio-8080-exec-5] INFO  o.e.e.c.CookieAuthenticationFilter - Foydalanuvchi autentifikatsiya qilindi: Samandarerro
2025-11-29 13:36:18 [http-nio-8080-exec-5] DEBUG o.e.e.c.CookieAuthenticationFilter - Authentication context o'rnatildi
2025-11-29 13:36:18 [http-nio-8080-exec-5] DEBUG o.s.security.web.FilterChainProxy - Secured GET /img/admin.jpg
2025-11-29 13:36:18 [http-nio-8080-exec-2] INFO  o.e.e.c.CookieAuthenticationFilter - Foydalanuvchi autentifikatsiya qilindi: Samandarerro
2025-11-29 13:36:18 [http-nio-8080-exec-2] DEBUG o.e.e.c.CookieAuthenticationFilter - Authentication context o'rnatildi
2025-11-29 13:36:18 [http-nio-8080-exec-2] DEBUG o.s.security.web.FilterChainProxy - Secured GET /img/section3.png
2025-11-29 13:36:18 [http-nio-8080-exec-6] INFO  o.e.e.c.CookieAuthenticationFilter - Foydalanuvchi autentifikatsiya qilindi: Samandarerro
2025-11-29 13:36:18 [http-nio-8080-exec-6] DEBUG o.e.e.c.CookieAuthenticationFilter - Authentication context o'rnatildi
2025-11-29 13:36:18 [http-nio-8080-exec-6] DEBUG o.s.security.web.FilterChainProxy - Secured GET /img/hero.png
2025-11-29 13:36:18 [http-nio-8080-exec-7] DEBUG o.s.security.web.FilterChainProxy - Securing GET /favicon.ico
2025-11-29 13:36:18 [http-nio-8080-exec-7] DEBUG o.e.e.c.CookieAuthenticationFilter - Processing request: /favicon.ico
2025-11-29 13:36:18 [http-nio-8080-exec-7] DEBUG o.e.e.c.CookieAuthenticationFilter - AUTH_TOKEN cookie topildi
2025-11-29 13:36:18 [http-nio-8080-exec-7] DEBUG o.e.e.c.CookieAuthenticationFilter - Token topildi: 63d7c4c6...
2025-11-29 13:36:18 [http-nio-8080-exec-7] DEBUG org.hibernate.SQL - select u1_0.id,u1_0.create_time,u1_0.enabled,u1_0.key,u1_0.password,u1_0.role,u1_0.salary,u1_0.update_time,u1_0.username from users u1_0 where u1_0.key=?
2025-11-29 13:36:18 [http-nio-8080-exec-7] INFO  o.e.e.c.CookieAuthenticationFilter - Foydalanuvchi autentifikatsiya qilindi: Samandarerro
2025-11-29 13:36:18 [http-nio-8080-exec-7] DEBUG o.e.e.c.CookieAuthenticationFilter - Authentication context o'rnatildi
2025-11-29 13:36:18 [http-nio-8080-exec-7] DEBUG o.s.security.web.FilterChainProxy - Secured GET /favicon.ico
2025-11-29 13:36:19 [http-nio-8080-exec-8] DEBUG o.s.security.web.FilterChainProxy - Securing GET /courses
2025-11-29 13:36:19 [http-nio-8080-exec-8] DEBUG o.e.e.c.CookieAuthenticationFilter - Processing request: /courses
2025-11-29 13:36:19 [http-nio-8080-exec-8] DEBUG o.e.e.c.CookieAuthenticationFilter - AUTH_TOKEN cookie topildi
2025-11-29 13:36:19 [http-nio-8080-exec-8] DEBUG o.e.e.c.CookieAuthenticationFilter - Token topildi: 63d7c4c6...
2025-11-29 13:36:19 [http-nio-8080-exec-8] DEBUG org.hibernate.SQL - select u1_0.id,u1_0.create_time,u1_0.enabled,u1_0.key,u1_0.password,u1_0.role,u1_0.salary,u1_0.update_time,u1_0.username from users u1_0 where u1_0.key=?
2025-11-29 13:36:19 [http-nio-8080-exec-8] INFO  o.e.e.c.CookieAuthenticationFilter - Foydalanuvchi autentifikatsiya qilindi: Samandarerro
2025-11-29 13:36:19 [http-nio-8080-exec-8] DEBUG o.e.e.c.CookieAuthenticationFilter - Authentication context o'rnatildi
2025-11-29 13:36:19 [http-nio-8080-exec-8] DEBUG o.s.security.web.FilterChainProxy - Secured GET /courses
2025-11-29 13:36:19 [http-nio-8080-exec-8] DEBUG org.hibernate.SQL - select u1_0.id,u1_0.create_time,u1_0.enabled,u1_0.key,u1_0.password,u1_0.role,u1_0.salary,u1_0.update_time,u1_0.username from users u1_0 where u1_0.key=?
2025-11-29 13:36:20 [http-nio-8080-exec-8] DEBUG org.hibernate.SQL - select p1_0.id,p1_0.create_time,p1_0.description,p1_0.name,p1_0.type,p1_0.photo_id,p1_0.price,p1_0.update_time from product p1_0 where p1_0.type=?
2025-11-29 13:36:20 [http-nio-8080-exec-9] DEBUG o.s.security.web.FilterChainProxy - Securing GET /img/logo.png
2025-11-29 13:36:20 [http-nio-8080-exec-9] DEBUG o.e.e.c.CookieAuthenticationFilter - Processing request: /img/logo.png
2025-11-29 13:36:20 [http-nio-8080-exec-9] DEBUG o.e.e.c.CookieAuthenticationFilter - AUTH_TOKEN cookie topildi
2025-11-29 13:36:20 [http-nio-8080-exec-9] DEBUG o.e.e.c.CookieAuthenticationFilter - Token topildi: 63d7c4c6...
2025-11-29 13:36:20 [http-nio-8080-exec-9] DEBUG org.hibernate.SQL - select u1_0.id,u1_0.create_time,u1_0.enabled,u1_0.key,u1_0.password,u1_0.role,u1_0.salary,u1_0.update_time,u1_0.username from users u1_0 where u1_0.key=?
2025-11-29 13:36:20 [http-nio-8080-exec-9] INFO  o.e.e.c.CookieAuthenticationFilter - Foydalanuvchi autentifikatsiya qilindi: Samandarerro
2025-11-29 13:36:20 [http-nio-8080-exec-9] DEBUG o.e.e.c.CookieAuthenticationFilter - Authentication context o'rnatildi
2025-11-29 13:36:20 [http-nio-8080-exec-9] DEBUG o.s.security.web.FilterChainProxy - Secured GET /img/logo.png
2025-11-29 13:36:20 [http-nio-8080-exec-10] DEBUG o.s.security.web.FilterChainProxy - Securing GET /favicon.ico
2025-11-29 13:36:20 [http-nio-8080-exec-10] DEBUG o.e.e.c.CookieAuthenticationFilter - Processing request: /favicon.ico
2025-11-29 13:36:20 [http-nio-8080-exec-10] DEBUG o.e.e.c.CookieAuthenticationFilter - AUTH_TOKEN cookie topildi
2025-11-29 13:36:20 [http-nio-8080-exec-10] DEBUG o.e.e.c.CookieAuthenticationFilter - Token topildi: 63d7c4c6...
2025-11-29 13:36:20 [http-nio-8080-exec-10] DEBUG org.hibernate.SQL - select u1_0.id,u1_0.create_time,u1_0.enabled,u1_0.key,u1_0.password,u1_0.role,u1_0.salary,u1_0.update_time,u1_0.username from users u1_0 where u1_0.key=?
2025-11-29 13:36:21 [http-nio-8080-exec-10] INFO  o.e.e.c.CookieAuthenticationFilter - Foydalanuvchi autentifikatsiya qilindi: Samandarerro
2025-11-29 13:36:21 [http-nio-8080-exec-10] DEBUG o.e.e.c.CookieAuthenticationFilter - Authentication context o'rnatildi
2025-11-29 13:36:21 [http-nio-8080-exec-10] DEBUG o.s.security.web.FilterChainProxy - Secured GET /favicon.ico
2025-11-29 13:36:21 [http-nio-8080-exec-1] DEBUG o.s.security.web.FilterChainProxy - Securing GET /templates
2025-11-29 13:36:21 [http-nio-8080-exec-1] DEBUG o.e.e.c.CookieAuthenticationFilter - Processing request: /templates
2025-11-29 13:36:21 [http-nio-8080-exec-1] DEBUG o.e.e.c.CookieAuthenticationFilter - AUTH_TOKEN cookie topildi
2025-11-29 13:36:21 [http-nio-8080-exec-1] DEBUG o.e.e.c.CookieAuthenticationFilter - Token topildi: 63d7c4c6...
2025-11-29 13:36:21 [http-nio-8080-exec-1] DEBUG org.hibernate.SQL - select u1_0.id,u1_0.create_time,u1_0.enabled,u1_0.key,u1_0.password,u1_0.role,u1_0.salary,u1_0.update_time,u1_0.username from users u1_0 where u1_0.key=?
2025-11-29 13:36:22 [http-nio-8080-exec-1] INFO  o.e.e.c.CookieAuthenticationFilter - Foydalanuvchi autentifikatsiya qilindi: Samandarerro
2025-11-29 13:36:22 [http-nio-8080-exec-1] DEBUG o.e.e.c.CookieAuthenticationFilter - Authentication context o'rnatildi
2025-11-29 13:36:22 [http-nio-8080-exec-1] DEBUG o.s.security.web.FilterChainProxy - Secured GET /templates
2025-11-29 13:36:22 [http-nio-8080-exec-1] DEBUG org.hibernate.SQL - select u1_0.id,u1_0.create_time,u1_0.enabled,u1_0.key,u1_0.password,u1_0.role,u1_0.salary,u1_0.update_time,u1_0.username from users u1_0 where u1_0.key=?
2025-11-29 13:36:22 [http-nio-8080-exec-1] DEBUG org.hibernate.SQL - select p1_0.id,p1_0.create_time,p1_0.description,p1_0.name,p1_0.type,p1_0.photo_id,p1_0.price,p1_0.update_time from product p1_0 where p1_0.type=?
2025-11-29 13:36:22 [http-nio-8080-exec-1] DEBUG org.hibernate.SQL - select a1_0.id,a1_0.content_type,a1_0.create_time,a1_0.file_name,a1_0.update_time from attachment a1_0 where a1_0.id=?
2025-11-29 13:36:23 [http-nio-8080-exec-5] DEBUG o.s.security.web.FilterChainProxy - Securing GET /file/1
2025-11-29 13:36:23 [http-nio-8080-exec-3] DEBUG o.s.security.web.FilterChainProxy - Securing GET /img/logo.png
2025-11-29 13:36:23 [http-nio-8080-exec-5] DEBUG o.e.e.c.CookieAuthenticationFilter - Processing request: /file/1
2025-11-29 13:36:23 [http-nio-8080-exec-3] DEBUG o.e.e.c.CookieAuthenticationFilter - Processing request: /img/logo.png
2025-11-29 13:36:23 [http-nio-8080-exec-3] DEBUG o.e.e.c.CookieAuthenticationFilter - AUTH_TOKEN cookie topildi
2025-11-29 13:36:23 [http-nio-8080-exec-3] DEBUG o.e.e.c.CookieAuthenticationFilter - Token topildi: 63d7c4c6...
2025-11-29 13:36:23 [http-nio-8080-exec-5] DEBUG o.e.e.c.CookieAuthenticationFilter - AUTH_TOKEN cookie topildi
2025-11-29 13:36:23 [http-nio-8080-exec-5] DEBUG o.e.e.c.CookieAuthenticationFilter - Token topildi: 63d7c4c6...
2025-11-29 13:36:23 [http-nio-8080-exec-5] DEBUG org.hibernate.SQL - select u1_0.id,u1_0.create_time,u1_0.enabled,u1_0.key,u1_0.password,u1_0.role,u1_0.salary,u1_0.update_time,u1_0.username from users u1_0 where u1_0.key=?
2025-11-29 13:36:23 [http-nio-8080-exec-3] DEBUG org.hibernate.SQL - select u1_0.id,u1_0.create_time,u1_0.enabled,u1_0.key,u1_0.password,u1_0.role,u1_0.salary,u1_0.update_time,u1_0.username from users u1_0 where u1_0.key=?
2025-11-29 13:36:23 [http-nio-8080-exec-5] INFO  o.e.e.c.CookieAuthenticationFilter - Foydalanuvchi autentifikatsiya qilindi: Samandarerro
2025-11-29 13:36:23 [http-nio-8080-exec-5] DEBUG o.e.e.c.CookieAuthenticationFilter - Authentication context o'rnatildi
2025-11-29 13:36:23 [http-nio-8080-exec-5] DEBUG o.s.security.web.FilterChainProxy - Secured GET /file/1
2025-11-29 13:36:23 [http-nio-8080-exec-3] INFO  o.e.e.c.CookieAuthenticationFilter - Foydalanuvchi autentifikatsiya qilindi: Samandarerro
2025-11-29 13:36:23 [http-nio-8080-exec-3] DEBUG o.e.e.c.CookieAuthenticationFilter - Authentication context o'rnatildi
2025-11-29 13:36:23 [http-nio-8080-exec-3] DEBUG o.s.security.web.FilterChainProxy - Secured GET /img/logo.png
2025-11-29 13:36:23 [http-nio-8080-exec-5] DEBUG org.hibernate.SQL - select ac1_0.id,ac1_0.attachment_id,ac1_0.content,ac1_0.create_time,ac1_0.update_time from attachment_content ac1_0 where ac1_0.attachment_id=?
2025-11-29 13:36:24 [http-nio-8080-exec-5] DEBUG org.hibernate.SQL - select a1_0.id,a1_0.content_type,a1_0.create_time,a1_0.file_name,a1_0.update_time from attachment a1_0 where a1_0.id=?
2025-11-29 13:36:24 [http-nio-8080-exec-2] DEBUG o.s.security.web.FilterChainProxy - Securing GET /favicon.ico
2025-11-29 13:36:24 [http-nio-8080-exec-2] DEBUG o.e.e.c.CookieAuthenticationFilter - Processing request: /favicon.ico
2025-11-29 13:36:24 [http-nio-8080-exec-2] DEBUG o.e.e.c.CookieAuthenticationFilter - AUTH_TOKEN cookie topildi
2025-11-29 13:36:24 [http-nio-8080-exec-2] DEBUG o.e.e.c.CookieAuthenticationFilter - Token topildi: 63d7c4c6...
2025-11-29 13:36:24 [http-nio-8080-exec-2] DEBUG org.hibernate.SQL - select u1_0.id,u1_0.create_time,u1_0.enabled,u1_0.key,u1_0.password,u1_0.role,u1_0.salary,u1_0.update_time,u1_0.username from users u1_0 where u1_0.key=?
2025-11-29 13:36:24 [http-nio-8080-exec-2] INFO  o.e.e.c.CookieAuthenticationFilter - Foydalanuvchi autentifikatsiya qilindi: Samandarerro
2025-11-29 13:36:24 [http-nio-8080-exec-2] DEBUG o.e.e.c.CookieAuthenticationFilter - Authentication context o'rnatildi
2025-11-29 13:36:24 [http-nio-8080-exec-2] DEBUG o.s.security.web.FilterChainProxy - Secured GET /favicon.ico
2025-11-29 13:38:18 [SpringApplicationShutdownHook] INFO  o.s.boot.tomcat.GracefulShutdown - Commencing graceful shutdown. Waiting for active requests to complete
2025-11-29 13:38:18 [tomcat-shutdown] INFO  o.s.boot.tomcat.GracefulShutdown - Graceful shutdown complete
2025-11-29 13:38:18 [SpringApplicationShutdownHook] INFO  o.s.o.j.LocalContainerEntityManagerFactoryBean - Closing JPA EntityManagerFactory for persistence unit 'default'
2025-11-29 13:38:18 [SpringApplicationShutdownHook] INFO  com.zaxxer.hikari.HikariDataSource - EditorsHikariPool - Shutdown initiated...
2025-11-29 13:38:19 [SpringApplicationShutdownHook] INFO  com.zaxxer.hikari.HikariDataSource - EditorsHikariPool - Shutdown completed.
2025-11-29 13:38:22 [main] INFO  org.example.editors_uz.Application - Starting Application using Java 25.0.1 with PID 10100 (C:\editors_uz\target\classes started by Samandar Error in C:\editors_uz)
2025-11-29 13:38:22 [main] DEBUG org.example.editors_uz.Application - Running with Spring Boot v4.0.0, Spring v7.0.1
2025-11-29 13:38:22 [main] INFO  org.example.editors_uz.Application - No active profile set, falling back to 1 default profile: "default"
2025-11-29 13:38:23 [main] INFO  o.s.d.r.c.RepositoryConfigurationDelegate - Bootstrapping Spring Data JPA repositories in DEFAULT mode.
2025-11-29 13:38:23 [main] INFO  o.s.d.r.c.RepositoryConfigurationDelegate - Finished Spring Data repository scanning in 65 ms. Found 5 JPA repository interfaces.
2025-11-29 13:38:24 [main] INFO  o.s.boot.tomcat.TomcatWebServer - Tomcat initialized with port 8080 (http)
2025-11-29 13:38:24 [main] INFO  o.a.catalina.core.StandardService - Starting service [Tomcat]
2025-11-29 13:38:24 [main] INFO  o.a.catalina.core.StandardEngine - Starting Servlet engine: [Apache Tomcat/11.0.14]
2025-11-29 13:38:24 [main] INFO  o.s.b.w.c.s.WebApplicationContextInitializer - Root WebApplicationContext: initialization completed in 1537 ms
2025-11-29 13:38:24 [main] INFO  o.h.jpa.internal.util.LogHelper - HHH000204: Processing PersistenceUnitInfo [name: default]
2025-11-29 13:38:24 [main] INFO  org.hibernate.Version - HHH000412: Hibernate ORM core version 7.1.8.Final
2025-11-29 13:38:25 [main] INFO  o.s.o.j.p.SpringPersistenceUnitInfo - No LoadTimeWeaver setup: ignoring JPA class transformer
2025-11-29 13:38:25 [main] INFO  com.zaxxer.hikari.HikariDataSource - EditorsHikariPool - Starting...
2025-11-29 13:38:27 [main] INFO  com.zaxxer.hikari.pool.HikariPool - EditorsHikariPool - Added connection org.postgresql.jdbc.PgConnection@2d0778d0
2025-11-29 13:38:27 [main] INFO  com.zaxxer.hikari.HikariDataSource - EditorsHikariPool - Start completed.
2025-11-29 13:38:27 [main] WARN  org.hibernate.orm.deprecation - HHH90000025: PostgreSQLDialect does not need to be specified explicitly using 'hibernate.dialect' (remove the property setting and it will be selected by default)
2025-11-29 13:38:28 [main] INFO  o.hibernate.orm.connections.pooling - HHH10001005: Database info:
	Database JDBC URL [jdbc:postgresql://ep-dawn-bonus-a18m2whh-pooler.ap-southeast-1.aws.neon.tech:5432/neondb]
	Database driver: PostgreSQL JDBC Driver
	Database dialect: PostgreSQLDialect
	Database version: 17.6
	Default catalog/schema: neondb/public
	Autocommit mode: undefined/unknown
	Isolation level: READ_COMMITTED [default READ_COMMITTED]
	JDBC fetch size: none
	Pool: DatasourceConnectionProviderImpl
	Minimum pool size: undefined/unknown
	Maximum pool size: undefined/unknown
2025-11-29 13:38:29 [main] INFO  o.h.e.t.j.p.i.JtaPlatformInitiator - HHH000489: No JTA platform available (set 'hibernate.transaction.jta.platform' to enable JTA platform integration)
2025-11-29 13:38:29 [main] INFO  org.hibernate.orm.jdbc.batch - HHH100501: Automatic JDBC statement batching enabled (maximum batch size 20)
2025-11-29 13:38:33 [main] INFO  o.s.o.j.LocalContainerEntityManagerFactoryBean - Initialized JPA EntityManagerFactory for persistence unit 'default'
2025-11-29 13:38:33 [main] INFO  o.s.d.j.r.q.QueryEnhancerFactories - Hibernate is in classpath; If applicable, HQL parser will be used.
2025-11-29 13:38:34 [main] DEBUG o.e.e.c.CookieAuthenticationFilter - Filter 'cookieAuthenticationFilter' configured for use
2025-11-29 13:38:34 [main] INFO  o.s.s.c.a.a.c.InitializeUserDetailsBeanManagerConfigurer$InitializeUserDetailsManagerConfigurer - Global AuthenticationManager configured with UserDetailsService bean with name inMemoryUserDetailsManager
2025-11-29 13:38:34 [main] DEBUG o.s.s.web.DefaultSecurityFilterChain - Will secure any request with filters: DisableEncodeUrlFilter, WebAsyncManagerIntegrationFilter, SecurityContextHolderFilter, HeaderWriterFilter, CsrfFilter, LogoutFilter, CookieAuthenticationFilter, RequestCacheAwareFilter, SecurityContextHolderAwareRequestFilter, AnonymousAuthenticationFilter, SessionManagementFilter, ExceptionTranslationFilter, AuthorizationFilter
2025-11-29 13:38:34 [main] INFO  o.s.b.w.a.WelcomePageHandlerMapping - Adding welcome page template: index
2025-11-29 13:38:35 [main] INFO  o.s.boot.tomcat.TomcatWebServer - Tomcat started on port 8080 (http) with context path '/'
2025-11-29 13:38:35 [main] INFO  org.example.editors_uz.Application - Started Application in 13.013 seconds (process running for 13.81)
2025-11-29 13:38:57 [http-nio-8080-exec-1] INFO  o.a.c.c.C.[Tomcat].[localhost].[/] - Initializing Spring DispatcherServlet 'dispatcherServlet'
2025-11-29 13:38:57 [http-nio-8080-exec-1] INFO  o.s.web.servlet.DispatcherServlet - Initializing Servlet 'dispatcherServlet'
2025-11-29 13:38:57 [http-nio-8080-exec-1] INFO  o.s.web.servlet.DispatcherServlet - Completed initialization in 2 ms
2025-11-29 13:38:57 [http-nio-8080-exec-1] DEBUG o.s.security.web.FilterChainProxy - Securing GET /templates
2025-11-29 13:38:57 [http-nio-8080-exec-1] DEBUG o.e.e.c.CookieAuthenticationFilter - Processing request: /templates
2025-11-29 13:38:57 [http-nio-8080-exec-1] DEBUG o.e.e.c.CookieAuthenticationFilter - AUTH_TOKEN cookie topildi
2025-11-29 13:38:57 [http-nio-8080-exec-1] DEBUG o.e.e.c.CookieAuthenticationFilter - Token topildi: 63d7c4c6...
2025-11-29 13:38:58 [http-nio-8080-exec-1] DEBUG org.hibernate.SQL - select u1_0.id,u1_0.create_time,u1_0.enabled,u1_0.key,u1_0.password,u1_0.role,u1_0.salary,u1_0.update_time,u1_0.username from users u1_0 where u1_0.key=?
2025-11-29 13:38:58 [http-nio-8080-exec-1] INFO  o.e.e.c.CookieAuthenticationFilter - Foydalanuvchi autentifikatsiya qilindi: Samandarerro
2025-11-29 13:38:58 [http-nio-8080-exec-1] DEBUG o.e.e.c.CookieAuthenticationFilter - Authentication context o'rnatildi
2025-11-29 13:38:58 [http-nio-8080-exec-1] DEBUG o.s.security.web.FilterChainProxy - Secured GET /templates
2025-11-29 13:38:58 [http-nio-8080-exec-1] DEBUG org.hibernate.SQL - select u1_0.id,u1_0.create_time,u1_0.enabled,u1_0.key,u1_0.password,u1_0.role,u1_0.salary,u1_0.update_time,u1_0.username from users u1_0 where u1_0.key=?
2025-11-29 13:38:59 [http-nio-8080-exec-1] DEBUG org.hibernate.SQL - select p1_0.id,p1_0.create_time,p1_0.description,p1_0.name,p1_0.type,p1_0.photo_id,p1_0.price,p1_0.update_time from product p1_0 where p1_0.type=?
2025-11-29 13:38:59 [http-nio-8080-exec-1] DEBUG org.hibernate.SQL - select a1_0.id,a1_0.content_type,a1_0.create_time,a1_0.file_name,a1_0.update_time from attachment a1_0 where a1_0.id=?
2025-11-29 13:39:00 [http-nio-8080-exec-2] DEBUG o.s.security.web.FilterChainProxy - Securing GET /img/logo.png
2025-11-29 13:39:00 [http-nio-8080-exec-2] DEBUG o.e.e.c.CookieAuthenticationFilter - Processing request: /img/logo.png
2025-11-29 13:39:00 [http-nio-8080-exec-2] DEBUG o.e.e.c.CookieAuthenticationFilter - AUTH_TOKEN cookie topildi
2025-11-29 13:39:00 [http-nio-8080-exec-2] DEBUG o.e.e.c.CookieAuthenticationFilter - Token topildi: 63d7c4c6...
2025-11-29 13:39:00 [http-nio-8080-exec-3] DEBUG o.s.security.web.FilterChainProxy - Securing GET /file/1
2025-11-29 13:39:00 [http-nio-8080-exec-3] DEBUG o.e.e.c.CookieAuthenticationFilter - Processing request: /file/1
2025-11-29 13:39:00 [http-nio-8080-exec-2] DEBUG org.hibernate.SQL - select u1_0.id,u1_0.create_time,u1_0.enabled,u1_0.key,u1_0.password,u1_0.role,u1_0.salary,u1_0.update_time,u1_0.username from users u1_0 where u1_0.key=?
2025-11-29 13:39:00 [http-nio-8080-exec-3] DEBUG o.e.e.c.CookieAuthenticationFilter - AUTH_TOKEN cookie topildi
2025-11-29 13:39:00 [http-nio-8080-exec-3] DEBUG o.e.e.c.CookieAuthenticationFilter - Token topildi: 63d7c4c6...
2025-11-29 13:39:00 [http-nio-8080-exec-3] DEBUG org.hibernate.SQL - select u1_0.id,u1_0.create_time,u1_0.enabled,u1_0.key,u1_0.password,u1_0.role,u1_0.salary,u1_0.update_time,u1_0.username from users u1_0 where u1_0.key=?
2025-11-29 13:39:00 [http-nio-8080-exec-3] INFO  o.e.e.c.CookieAuthenticationFilter - Foydalanuvchi autentifikatsiya qilindi: Samandarerro
2025-11-29 13:39:00 [http-nio-8080-exec-2] INFO  o.e.e.c.CookieAuthenticationFilter - Foydalanuvchi autentifikatsiya qilindi: Samandarerro
2025-11-29 13:39:00 [http-nio-8080-exec-3] DEBUG o.e.e.c.CookieAuthenticationFilter - Authentication context o'rnatildi
2025-11-29 13:39:00 [http-nio-8080-exec-2] DEBUG o.e.e.c.CookieAuthenticationFilter - Authentication context o'rnatildi
2025-11-29 13:39:00 [http-nio-8080-exec-3] DEBUG o.s.security.web.FilterChainProxy - Secured GET /file/1
2025-11-29 13:39:00 [http-nio-8080-exec-2] DEBUG o.s.security.web.FilterChainProxy - Secured GET /img/logo.png
2025-11-29 13:39:00 [http-nio-8080-exec-3] DEBUG org.hibernate.SQL - select ac1_0.id,ac1_0.attachment_id,ac1_0.content,ac1_0.create_time,ac1_0.update_time from attachment_content ac1_0 where ac1_0.attachment_id=?
2025-11-29 13:39:03 [http-nio-8080-exec-3] DEBUG org.hibernate.SQL - select a1_0.id,a1_0.content_type,a1_0.create_time,a1_0.file_name,a1_0.update_time from attachment a1_0 where a1_0.id=?
2025-11-29 13:39:03 [http-nio-8080-exec-6] DEBUG o.s.security.web.FilterChainProxy - Securing GET /favicon.ico
2025-11-29 13:39:03 [http-nio-8080-exec-6] DEBUG o.e.e.c.CookieAuthenticationFilter - Processing request: /favicon.ico
2025-11-29 13:39:03 [http-nio-8080-exec-6] DEBUG o.e.e.c.CookieAuthenticationFilter - AUTH_TOKEN cookie topildi
2025-11-29 13:39:03 [http-nio-8080-exec-6] DEBUG o.e.e.c.CookieAuthenticationFilter - Token topildi: 63d7c4c6...
2025-11-29 13:39:03 [http-nio-8080-exec-6] DEBUG org.hibernate.SQL - select u1_0.id,u1_0.create_time,u1_0.enabled,u1_0.key,u1_0.password,u1_0.role,u1_0.salary,u1_0.update_time,u1_0.username from users u1_0 where u1_0.key=?
2025-11-29 13:39:03 [http-nio-8080-exec-6] INFO  o.e.e.c.CookieAuthenticationFilter - Foydalanuvchi autentifikatsiya qilindi: Samandarerro
2025-11-29 13:39:03 [http-nio-8080-exec-6] DEBUG o.e.e.c.CookieAuthenticationFilter - Authentication context o'rnatildi
2025-11-29 13:39:03 [http-nio-8080-exec-6] DEBUG o.s.security.web.FilterChainProxy - Secured GET /favicon.ico
2025-11-29 13:40:24 [SpringApplicationShutdownHook] INFO  o.s.boot.tomcat.GracefulShutdown - Commencing graceful shutdown. Waiting for active requests to complete
2025-11-29 13:40:24 [tomcat-shutdown] INFO  o.s.boot.tomcat.GracefulShutdown - Graceful shutdown complete
2025-11-29 13:40:24 [SpringApplicationShutdownHook] INFO  o.s.o.j.LocalContainerEntityManagerFactoryBean - Closing JPA EntityManagerFactory for persistence unit 'default'
2025-11-29 13:40:24 [SpringApplicationShutdownHook] INFO  com.zaxxer.hikari.HikariDataSource - EditorsHikariPool - Shutdown initiated...
2025-11-29 13:40:25 [SpringApplicationShutdownHook] INFO  com.zaxxer.hikari.HikariDataSource - EditorsHikariPool - Shutdown completed.
2025-11-29 13:40:28 [main] INFO  org.example.editors_uz.Application - Starting Application using Java 25.0.1 with PID 14348 (C:\editors_uz\target\classes started by Samandar Error in C:\editors_uz)
2025-11-29 13:40:28 [main] DEBUG org.example.editors_uz.Application - Running with Spring Boot v4.0.0, Spring v7.0.1
2025-11-29 13:40:28 [main] INFO  org.example.editors_uz.Application - No active profile set, falling back to 1 default profile: "default"
2025-11-29 13:40:29 [main] INFO  o.s.d.r.c.RepositoryConfigurationDelegate - Bootstrapping Spring Data JPA repositories in DEFAULT mode.
2025-11-29 13:40:29 [main] INFO  o.s.d.r.c.RepositoryConfigurationDelegate - Finished Spring Data repository scanning in 78 ms. Found 5 JPA repository interfaces.
2025-11-29 13:40:30 [main] INFO  o.s.boot.tomcat.TomcatWebServer - Tomcat initialized with port 8080 (http)
2025-11-29 13:40:30 [main] INFO  o.a.catalina.core.StandardService - Starting service [Tomcat]
2025-11-29 13:40:30 [main] INFO  o.a.catalina.core.StandardEngine - Starting Servlet engine: [Apache Tomcat/11.0.14]
2025-11-29 13:40:30 [main] INFO  o.s.b.w.c.s.WebApplicationContextInitializer - Root WebApplicationContext: initialization completed in 1729 ms
2025-11-29 13:40:30 [main] INFO  o.h.jpa.internal.util.LogHelper - HHH000204: Processing PersistenceUnitInfo [name: default]
2025-11-29 13:40:30 [main] INFO  org.hibernate.Version - HHH000412: Hibernate ORM core version 7.1.8.Final
2025-11-29 13:40:31 [main] INFO  o.s.o.j.p.SpringPersistenceUnitInfo - No LoadTimeWeaver setup: ignoring JPA class transformer
2025-11-29 13:40:31 [main] INFO  com.zaxxer.hikari.HikariDataSource - EditorsHikariPool - Starting...
2025-11-29 13:40:33 [main] INFO  com.zaxxer.hikari.pool.HikariPool - EditorsHikariPool - Added connection org.postgresql.jdbc.PgConnection@4fc71437
2025-11-29 13:40:33 [main] INFO  com.zaxxer.hikari.HikariDataSource - EditorsHikariPool - Start completed.
2025-11-29 13:40:33 [main] WARN  org.hibernate.orm.deprecation - HHH90000025: PostgreSQLDialect does not need to be specified explicitly using 'hibernate.dialect' (remove the property setting and it will be selected by default)
2025-11-29 13:40:34 [main] INFO  o.hibernate.orm.connections.pooling - HHH10001005: Database info:
	Database JDBC URL [jdbc:postgresql://ep-dawn-bonus-a18m2whh-pooler.ap-southeast-1.aws.neon.tech:5432/neondb]
	Database driver: PostgreSQL JDBC Driver
	Database dialect: PostgreSQLDialect
	Database version: 17.6
	Default catalog/schema: neondb/public
	Autocommit mode: undefined/unknown
	Isolation level: READ_COMMITTED [default READ_COMMITTED]
	JDBC fetch size: none
	Pool: DatasourceConnectionProviderImpl
	Minimum pool size: undefined/unknown
	Maximum pool size: undefined/unknown
2025-11-29 13:40:36 [main] INFO  o.h.e.t.j.p.i.JtaPlatformInitiator - HHH000489: No JTA platform available (set 'hibernate.transaction.jta.platform' to enable JTA platform integration)
2025-11-29 13:40:36 [main] INFO  org.hibernate.orm.jdbc.batch - HHH100501: Automatic JDBC statement batching enabled (maximum batch size 20)
2025-11-29 13:40:40 [main] INFO  o.s.o.j.LocalContainerEntityManagerFactoryBean - Initialized JPA EntityManagerFactory for persistence unit 'default'
2025-11-29 13:40:40 [main] INFO  o.s.d.j.r.q.QueryEnhancerFactories - Hibernate is in classpath; If applicable, HQL parser will be used.
2025-11-29 13:40:41 [main] DEBUG o.e.e.c.CookieAuthenticationFilter - Filter 'cookieAuthenticationFilter' configured for use
2025-11-29 13:40:42 [main] INFO  o.s.s.c.a.a.c.InitializeUserDetailsBeanManagerConfigurer$InitializeUserDetailsManagerConfigurer - Global AuthenticationManager configured with UserDetailsService bean with name inMemoryUserDetailsManager
2025-11-29 13:40:42 [main] DEBUG o.s.s.web.DefaultSecurityFilterChain - Will secure any request with filters: DisableEncodeUrlFilter, WebAsyncManagerIntegrationFilter, SecurityContextHolderFilter, HeaderWriterFilter, CsrfFilter, LogoutFilter, CookieAuthenticationFilter, RequestCacheAwareFilter, SecurityContextHolderAwareRequestFilter, AnonymousAuthenticationFilter, SessionManagementFilter, ExceptionTranslationFilter, AuthorizationFilter
2025-11-29 13:40:42 [main] INFO  o.s.b.w.a.WelcomePageHandlerMapping - Adding welcome page template: index
2025-11-29 13:40:43 [main] INFO  o.s.boot.tomcat.TomcatWebServer - Tomcat started on port 8080 (http) with context path '/'
2025-11-29 13:40:43 [main] INFO  org.example.editors_uz.Application - Started Application in 15.431 seconds (process running for 16.253)
2025-11-29 13:40:43 [http-nio-8080-exec-1] INFO  o.a.c.c.C.[Tomcat].[localhost].[/] - Initializing Spring DispatcherServlet 'dispatcherServlet'
2025-11-29 13:40:43 [http-nio-8080-exec-1] INFO  o.s.web.servlet.DispatcherServlet - Initializing Servlet 'dispatcherServlet'
2025-11-29 13:40:43 [http-nio-8080-exec-1] INFO  o.s.web.servlet.DispatcherServlet - Completed initialization in 3 ms
2025-11-29 13:40:43 [http-nio-8080-exec-1] DEBUG o.s.security.web.FilterChainProxy - Securing GET /templates
2025-11-29 13:40:44 [http-nio-8080-exec-1] DEBUG o.e.e.c.CookieAuthenticationFilter - Processing request: /templates
2025-11-29 13:40:44 [http-nio-8080-exec-1] DEBUG o.e.e.c.CookieAuthenticationFilter - AUTH_TOKEN cookie topildi
2025-11-29 13:40:44 [http-nio-8080-exec-1] DEBUG o.e.e.c.CookieAuthenticationFilter - Token topildi: 63d7c4c6...
2025-11-29 13:40:45 [http-nio-8080-exec-1] DEBUG org.hibernate.SQL - select u1_0.id,u1_0.create_time,u1_0.enabled,u1_0.key,u1_0.password,u1_0.role,u1_0.salary,u1_0.update_time,u1_0.username from users u1_0 where u1_0.key=?
2025-11-29 13:40:46 [http-nio-8080-exec-1] INFO  o.e.e.c.CookieAuthenticationFilter - Foydalanuvchi autentifikatsiya qilindi: Samandarerro
2025-11-29 13:40:46 [http-nio-8080-exec-1] DEBUG o.e.e.c.CookieAuthenticationFilter - Authentication context o'rnatildi
2025-11-29 13:40:46 [http-nio-8080-exec-1] DEBUG o.s.security.web.FilterChainProxy - Secured GET /templates
2025-11-29 13:40:46 [http-nio-8080-exec-1] DEBUG org.hibernate.SQL - select u1_0.id,u1_0.create_time,u1_0.enabled,u1_0.key,u1_0.password,u1_0.role,u1_0.salary,u1_0.update_time,u1_0.username from users u1_0 where u1_0.key=?
2025-11-29 13:40:46 [http-nio-8080-exec-1] DEBUG org.hibernate.SQL - select p1_0.id,p1_0.create_time,p1_0.description,p1_0.name,p1_0.type,p1_0.photo_id,p1_0.price,p1_0.update_time from product p1_0 where p1_0.type=?
2025-11-29 13:40:46 [http-nio-8080-exec-1] DEBUG org.hibernate.SQL - select a1_0.id,a1_0.content_type,a1_0.create_time,a1_0.file_name,a1_0.update_time from attachment a1_0 where a1_0.id=?
2025-11-29 13:40:48 [http-nio-8080-exec-3] DEBUG o.s.security.web.FilterChainProxy - Securing GET /file/1
2025-11-29 13:40:48 [http-nio-8080-exec-2] DEBUG o.s.security.web.FilterChainProxy - Securing GET /img/logo.png
2025-11-29 13:40:48 [http-nio-8080-exec-2] DEBUG o.e.e.c.CookieAuthenticationFilter - Processing request: /img/logo.png
2025-11-29 13:40:48 [http-nio-8080-exec-3] DEBUG o.e.e.c.CookieAuthenticationFilter - Processing request: /file/1
2025-11-29 13:40:48 [http-nio-8080-exec-3] DEBUG o.e.e.c.CookieAuthenticationFilter - AUTH_TOKEN cookie topildi
2025-11-29 13:40:48 [http-nio-8080-exec-2] DEBUG o.e.e.c.CookieAuthenticationFilter - AUTH_TOKEN cookie topildi
2025-11-29 13:40:48 [http-nio-8080-exec-3] DEBUG o.e.e.c.CookieAuthenticationFilter - Token topildi: 63d7c4c6...
2025-11-29 13:40:48 [http-nio-8080-exec-2] DEBUG o.e.e.c.CookieAuthenticationFilter - Token topildi: 63d7c4c6...
2025-11-29 13:40:48 [http-nio-8080-exec-3] DEBUG org.hibernate.SQL - select u1_0.id,u1_0.create_time,u1_0.enabled,u1_0.key,u1_0.password,u1_0.role,u1_0.salary,u1_0.update_time,u1_0.username from users u1_0 where u1_0.key=?
2025-11-29 13:40:48 [http-nio-8080-exec-2] DEBUG org.hibernate.SQL - select u1_0.id,u1_0.create_time,u1_0.enabled,u1_0.key,u1_0.password,u1_0.role,u1_0.salary,u1_0.update_time,u1_0.username from users u1_0 where u1_0.key=?
2025-11-29 13:40:48 [http-nio-8080-exec-3] INFO  o.e.e.c.CookieAuthenticationFilter - Foydalanuvchi autentifikatsiya qilindi: Samandarerro
2025-11-29 13:40:48 [http-nio-8080-exec-2] INFO  o.e.e.c.CookieAuthenticationFilter - Foydalanuvchi autentifikatsiya qilindi: Samandarerro
2025-11-29 13:40:48 [http-nio-8080-exec-3] DEBUG o.e.e.c.CookieAuthenticationFilter - Authentication context o'rnatildi
2025-11-29 13:40:48 [http-nio-8080-exec-2] DEBUG o.e.e.c.CookieAuthenticationFilter - Authentication context o'rnatildi
2025-11-29 13:40:48 [http-nio-8080-exec-3] DEBUG o.s.security.web.FilterChainProxy - Secured GET /file/1
2025-11-29 13:40:48 [http-nio-8080-exec-2] DEBUG o.s.security.web.FilterChainProxy - Secured GET /img/logo.png
2025-11-29 13:40:48 [http-nio-8080-exec-3] DEBUG org.hibernate.SQL - select ac1_0.id,ac1_0.attachment_id,ac1_0.content,ac1_0.create_time,ac1_0.update_time from attachment_content ac1_0 where ac1_0.attachment_id=?
2025-11-29 13:40:50 [http-nio-8080-exec-3] DEBUG org.hibernate.SQL - select a1_0.id,a1_0.content_type,a1_0.create_time,a1_0.file_name,a1_0.update_time from attachment a1_0 where a1_0.id=?
2025-11-29 13:40:50 [http-nio-8080-exec-4] DEBUG o.s.security.web.FilterChainProxy - Securing GET /favicon.ico
2025-11-29 13:40:50 [http-nio-8080-exec-4] DEBUG o.e.e.c.CookieAuthenticationFilter - Processing request: /favicon.ico
2025-11-29 13:40:50 [http-nio-8080-exec-4] DEBUG o.e.e.c.CookieAuthenticationFilter - AUTH_TOKEN cookie topildi
2025-11-29 13:40:50 [http-nio-8080-exec-4] DEBUG o.e.e.c.CookieAuthenticationFilter - Token topildi: 63d7c4c6...
2025-11-29 13:40:50 [http-nio-8080-exec-4] DEBUG org.hibernate.SQL - select u1_0.id,u1_0.create_time,u1_0.enabled,u1_0.key,u1_0.password,u1_0.role,u1_0.salary,u1_0.update_time,u1_0.username from users u1_0 where u1_0.key=?
2025-11-29 13:40:50 [http-nio-8080-exec-4] INFO  o.e.e.c.CookieAuthenticationFilter - Foydalanuvchi autentifikatsiya qilindi: Samandarerro
2025-11-29 13:40:50 [http-nio-8080-exec-4] DEBUG o.e.e.c.CookieAuthenticationFilter - Authentication context o'rnatildi
2025-11-29 13:40:50 [http-nio-8080-exec-4] DEBUG o.s.security.web.FilterChainProxy - Secured GET /favicon.ico
2025-11-29 13:42:00 [SpringApplicationShutdownHook] INFO  o.s.boot.tomcat.GracefulShutdown - Commencing graceful shutdown. Waiting for active requests to complete
2025-11-29 13:42:00 [tomcat-shutdown] INFO  o.s.boot.tomcat.GracefulShutdown - Graceful shutdown complete
2025-11-29 13:42:00 [SpringApplicationShutdownHook] INFO  o.s.o.j.LocalContainerEntityManagerFactoryBean - Closing JPA EntityManagerFactory for persistence unit 'default'
2025-11-29 13:42:00 [SpringApplicationShutdownHook] INFO  com.zaxxer.hikari.HikariDataSource - EditorsHikariPool - Shutdown initiated...
2025-11-29 13:42:00 [SpringApplicationShutdownHook] INFO  com.zaxxer.hikari.HikariDataSource - EditorsHikariPool - Shutdown completed.
2025-11-29 13:42:04 [main] INFO  org.example.editors_uz.Application - Starting Application using Java 25.0.1 with PID 14604 (C:\editors_uz\target\classes started by Samandar Error in C:\editors_uz)
2025-11-29 13:42:04 [main] DEBUG org.example.editors_uz.Application - Running with Spring Boot v4.0.0, Spring v7.0.1
2025-11-29 13:42:04 [main] INFO  org.example.editors_uz.Application - No active profile set, falling back to 1 default profile: "default"
2025-11-29 13:42:05 [main] INFO  o.s.d.r.c.RepositoryConfigurationDelegate - Bootstrapping Spring Data JPA repositories in DEFAULT mode.
2025-11-29 13:42:05 [main] INFO  o.s.d.r.c.RepositoryConfigurationDelegate - Finished Spring Data repository scanning in 86 ms. Found 5 JPA repository interfaces.
2025-11-29 13:42:05 [main] INFO  o.s.boot.tomcat.TomcatWebServer - Tomcat initialized with port 8080 (http)
2025-11-29 13:42:05 [main] INFO  o.a.catalina.core.StandardService - Starting service [Tomcat]
2025-11-29 13:42:05 [main] INFO  o.a.catalina.core.StandardEngine - Starting Servlet engine: [Apache Tomcat/11.0.14]
2025-11-29 13:42:05 [main] INFO  o.s.b.w.c.s.WebApplicationContextInitializer - Root WebApplicationContext: initialization completed in 1727 ms
2025-11-29 13:42:06 [main] INFO  o.h.jpa.internal.util.LogHelper - HHH000204: Processing PersistenceUnitInfo [name: default]
2025-11-29 13:42:06 [main] INFO  org.hibernate.Version - HHH000412: Hibernate ORM core version 7.1.8.Final
2025-11-29 13:42:06 [main] INFO  o.s.o.j.p.SpringPersistenceUnitInfo - No LoadTimeWeaver setup: ignoring JPA class transformer
2025-11-29 13:42:06 [main] INFO  com.zaxxer.hikari.HikariDataSource - EditorsHikariPool - Starting...
2025-11-29 13:42:09 [main] INFO  com.zaxxer.hikari.pool.HikariPool - EditorsHikariPool - Added connection org.postgresql.jdbc.PgConnection@631678e6
2025-11-29 13:42:09 [main] INFO  com.zaxxer.hikari.HikariDataSource - EditorsHikariPool - Start completed.
2025-11-29 13:42:09 [main] WARN  org.hibernate.orm.deprecation - HHH90000025: PostgreSQLDialect does not need to be specified explicitly using 'hibernate.dialect' (remove the property setting and it will be selected by default)
2025-11-29 13:42:10 [main] INFO  o.hibernate.orm.connections.pooling - HHH10001005: Database info:
	Database JDBC URL [jdbc:postgresql://ep-dawn-bonus-a18m2whh-pooler.ap-southeast-1.aws.neon.tech:5432/neondb]
	Database driver: PostgreSQL JDBC Driver
	Database dialect: PostgreSQLDialect
	Database version: 17.6
	Default catalog/schema: neondb/public
	Autocommit mode: undefined/unknown
	Isolation level: READ_COMMITTED [default READ_COMMITTED]
	JDBC fetch size: none
	Pool: DatasourceConnectionProviderImpl
	Minimum pool size: undefined/unknown
	Maximum pool size: undefined/unknown
2025-11-29 13:42:14 [main] INFO  o.h.e.t.j.p.i.JtaPlatformInitiator - HHH000489: No JTA platform available (set 'hibernate.transaction.jta.platform' to enable JTA platform integration)
2025-11-29 13:42:14 [main] INFO  org.hibernate.orm.jdbc.batch - HHH100501: Automatic JDBC statement batching enabled (maximum batch size 20)
2025-11-29 13:42:18 [main] INFO  o.s.o.j.LocalContainerEntityManagerFactoryBean - Initialized JPA EntityManagerFactory for persistence unit 'default'
2025-11-29 13:42:18 [main] INFO  o.s.d.j.r.q.QueryEnhancerFactories - Hibernate is in classpath; If applicable, HQL parser will be used.
2025-11-29 13:42:19 [main] DEBUG o.e.e.c.CookieAuthenticationFilter - Filter 'cookieAuthenticationFilter' configured for use
2025-11-29 13:42:20 [main] INFO  o.s.s.c.a.a.c.InitializeUserDetailsBeanManagerConfigurer$InitializeUserDetailsManagerConfigurer - Global AuthenticationManager configured with UserDetailsService bean with name inMemoryUserDetailsManager
2025-11-29 13:42:20 [main] DEBUG o.s.s.web.DefaultSecurityFilterChain - Will secure any request with filters: DisableEncodeUrlFilter, WebAsyncManagerIntegrationFilter, SecurityContextHolderFilter, HeaderWriterFilter, CsrfFilter, LogoutFilter, CookieAuthenticationFilter, RequestCacheAwareFilter, SecurityContextHolderAwareRequestFilter, AnonymousAuthenticationFilter, SessionManagementFilter, ExceptionTranslationFilter, AuthorizationFilter
2025-11-29 13:42:20 [main] INFO  o.s.b.w.a.WelcomePageHandlerMapping - Adding welcome page template: index
2025-11-29 13:42:21 [main] INFO  o.s.boot.tomcat.TomcatWebServer - Tomcat started on port 8080 (http) with context path '/'
2025-11-29 13:42:21 [main] INFO  org.example.editors_uz.Application - Started Application in 18.418 seconds (process running for 19.183)
2025-11-29 13:42:22 [http-nio-8080-exec-1] INFO  o.a.c.c.C.[Tomcat].[localhost].[/] - Initializing Spring DispatcherServlet 'dispatcherServlet'
2025-11-29 13:42:22 [http-nio-8080-exec-1] INFO  o.s.web.servlet.DispatcherServlet - Initializing Servlet 'dispatcherServlet'
2025-11-29 13:42:22 [http-nio-8080-exec-1] INFO  o.s.web.servlet.DispatcherServlet - Completed initialization in 9 ms
2025-11-29 13:42:22 [http-nio-8080-exec-1] DEBUG o.s.security.web.FilterChainProxy - Securing GET /templates
2025-11-29 13:42:22 [http-nio-8080-exec-1] DEBUG o.e.e.c.CookieAuthenticationFilter - Processing request: /templates
2025-11-29 13:42:22 [http-nio-8080-exec-1] DEBUG o.e.e.c.CookieAuthenticationFilter - AUTH_TOKEN cookie topildi
2025-11-29 13:42:22 [http-nio-8080-exec-1] DEBUG o.e.e.c.CookieAuthenticationFilter - Token topildi: 63d7c4c6...
2025-11-29 13:42:23 [http-nio-8080-exec-1] DEBUG org.hibernate.SQL - select u1_0.id,u1_0.create_time,u1_0.enabled,u1_0.key,u1_0.password,u1_0.role,u1_0.salary,u1_0.update_time,u1_0.username from users u1_0 where u1_0.key=?
2025-11-29 13:42:24 [http-nio-8080-exec-1] INFO  o.e.e.c.CookieAuthenticationFilter - Foydalanuvchi autentifikatsiya qilindi: Samandarerro
2025-11-29 13:42:24 [http-nio-8080-exec-1] DEBUG o.e.e.c.CookieAuthenticationFilter - Authentication context o'rnatildi
2025-11-29 13:42:24 [http-nio-8080-exec-1] DEBUG o.s.security.web.FilterChainProxy - Secured GET /templates
2025-11-29 13:42:24 [http-nio-8080-exec-1] DEBUG org.hibernate.SQL - select u1_0.id,u1_0.create_time,u1_0.enabled,u1_0.key,u1_0.password,u1_0.role,u1_0.salary,u1_0.update_time,u1_0.username from users u1_0 where u1_0.key=?
2025-11-29 13:42:24 [http-nio-8080-exec-1] DEBUG org.hibernate.SQL - select p1_0.id,p1_0.create_time,p1_0.description,p1_0.name,p1_0.type,p1_0.photo_id,p1_0.price,p1_0.update_time from product p1_0 where p1_0.type=?
2025-11-29 13:42:24 [http-nio-8080-exec-1] DEBUG org.hibernate.SQL - select a1_0.id,a1_0.content_type,a1_0.create_time,a1_0.file_name,a1_0.update_time from attachment a1_0 where a1_0.id=?
2025-11-29 13:42:25 [http-nio-8080-exec-4] DEBUG o.s.security.web.FilterChainProxy - Securing GET /file/1
2025-11-29 13:42:25 [http-nio-8080-exec-2] DEBUG o.s.security.web.FilterChainProxy - Securing GET /img/logo.png
2025-11-29 13:42:25 [http-nio-8080-exec-4] DEBUG o.e.e.c.CookieAuthenticationFilter - Processing request: /file/1
2025-11-29 13:42:25 [http-nio-8080-exec-4] DEBUG o.e.e.c.CookieAuthenticationFilter - AUTH_TOKEN cookie topildi
2025-11-29 13:42:25 [http-nio-8080-exec-4] DEBUG o.e.e.c.CookieAuthenticationFilter - Token topildi: 63d7c4c6...
2025-11-29 13:42:25 [http-nio-8080-exec-2] DEBUG o.e.e.c.CookieAuthenticationFilter - Processing request: /img/logo.png
2025-11-29 13:42:25 [http-nio-8080-exec-2] DEBUG o.e.e.c.CookieAuthenticationFilter - AUTH_TOKEN cookie topildi
2025-11-29 13:42:25 [http-nio-8080-exec-2] DEBUG o.e.e.c.CookieAuthenticationFilter - Token topildi: 63d7c4c6...
2025-11-29 13:42:25 [http-nio-8080-exec-2] DEBUG org.hibernate.SQL - select u1_0.id,u1_0.create_time,u1_0.enabled,u1_0.key,u1_0.password,u1_0.role,u1_0.salary,u1_0.update_time,u1_0.username from users u1_0 where u1_0.key=?
2025-11-29 13:42:25 [http-nio-8080-exec-4] DEBUG org.hibernate.SQL - select u1_0.id,u1_0.create_time,u1_0.enabled,u1_0.key,u1_0.password,u1_0.role,u1_0.salary,u1_0.update_time,u1_0.username from users u1_0 where u1_0.key=?
2025-11-29 13:42:26 [http-nio-8080-exec-2] INFO  o.e.e.c.CookieAuthenticationFilter - Foydalanuvchi autentifikatsiya qilindi: Samandarerro
2025-11-29 13:42:26 [http-nio-8080-exec-2] DEBUG o.e.e.c.CookieAuthenticationFilter - Authentication context o'rnatildi
2025-11-29 13:42:26 [http-nio-8080-exec-4] INFO  o.e.e.c.CookieAuthenticationFilter - Foydalanuvchi autentifikatsiya qilindi: Samandarerro
2025-11-29 13:42:26 [http-nio-8080-exec-4] DEBUG o.e.e.c.CookieAuthenticationFilter - Authentication context o'rnatildi
2025-11-29 13:42:26 [http-nio-8080-exec-2] DEBUG o.s.security.web.FilterChainProxy - Secured GET /img/logo.png
2025-11-29 13:42:26 [http-nio-8080-exec-4] DEBUG o.s.security.web.FilterChainProxy - Secured GET /file/1
2025-11-29 13:42:26 [http-nio-8080-exec-4] DEBUG org.hibernate.SQL - select ac1_0.id,ac1_0.attachment_id,ac1_0.content,ac1_0.create_time,ac1_0.update_time from attachment_content ac1_0 where ac1_0.attachment_id=?
2025-11-29 13:42:28 [http-nio-8080-exec-4] DEBUG org.hibernate.SQL - select a1_0.id,a1_0.content_type,a1_0.create_time,a1_0.file_name,a1_0.update_time from attachment a1_0 where a1_0.id=?
2025-11-29 13:42:28 [http-nio-8080-exec-3] DEBUG o.s.security.web.FilterChainProxy - Securing GET /favicon.ico
2025-11-29 13:42:28 [http-nio-8080-exec-3] DEBUG o.e.e.c.CookieAuthenticationFilter - Processing request: /favicon.ico
2025-11-29 13:42:28 [http-nio-8080-exec-3] DEBUG o.e.e.c.CookieAuthenticationFilter - AUTH_TOKEN cookie topildi
2025-11-29 13:42:28 [http-nio-8080-exec-3] DEBUG o.e.e.c.CookieAuthenticationFilter - Token topildi: 63d7c4c6...
2025-11-29 13:42:28 [http-nio-8080-exec-3] DEBUG org.hibernate.SQL - select u1_0.id,u1_0.create_time,u1_0.enabled,u1_0.key,u1_0.password,u1_0.role,u1_0.salary,u1_0.update_time,u1_0.username from users u1_0 where u1_0.key=?
2025-11-29 13:42:28 [http-nio-8080-exec-3] INFO  o.e.e.c.CookieAuthenticationFilter - Foydalanuvchi autentifikatsiya qilindi: Samandarerro
2025-11-29 13:42:28 [http-nio-8080-exec-3] DEBUG o.e.e.c.CookieAuthenticationFilter - Authentication context o'rnatildi
2025-11-29 13:42:28 [http-nio-8080-exec-3] DEBUG o.s.security.web.FilterChainProxy - Secured GET /favicon.ico
2025-11-29 13:44:12 [SpringApplicationShutdownHook] INFO  o.s.boot.tomcat.GracefulShutdown - Commencing graceful shutdown. Waiting for active requests to complete
2025-11-29 13:44:12 [tomcat-shutdown] INFO  o.s.boot.tomcat.GracefulShutdown - Graceful shutdown complete
2025-11-29 13:44:12 [SpringApplicationShutdownHook] INFO  o.s.o.j.LocalContainerEntityManagerFactoryBean - Closing JPA EntityManagerFactory for persistence unit 'default'
2025-11-29 13:44:12 [SpringApplicationShutdownHook] INFO  com.zaxxer.hikari.HikariDataSource - EditorsHikariPool - Shutdown initiated...
2025-11-29 13:44:13 [SpringApplicationShutdownHook] INFO  com.zaxxer.hikari.HikariDataSource - EditorsHikariPool - Shutdown completed.
2025-11-29 13:44:28 [main] INFO  org.example.editors_uz.Application - Starting Application using Java 25.0.1 with PID 2792 (C:\editors_uz\target\classes started by Samandar Error in C:\editors_uz)
2025-11-29 13:44:28 [main] DEBUG org.example.editors_uz.Application - Running with Spring Boot v4.0.0, Spring v7.0.1
2025-11-29 13:44:28 [main] INFO  org.example.editors_uz.Application - No active profile set, falling back to 1 default profile: "default"
2025-11-29 13:44:30 [main] INFO  o.s.d.r.c.RepositoryConfigurationDelegate - Bootstrapping Spring Data JPA repositories in DEFAULT mode.
2025-11-29 13:44:30 [main] INFO  o.s.d.r.c.RepositoryConfigurationDelegate - Finished Spring Data repository scanning in 70 ms. Found 5 JPA repository interfaces.
2025-11-29 13:44:31 [main] INFO  o.s.boot.tomcat.TomcatWebServer - Tomcat initialized with port 8080 (http)
2025-11-29 13:44:31 [main] INFO  o.a.catalina.core.StandardService - Starting service [Tomcat]
2025-11-29 13:44:31 [main] INFO  o.a.catalina.core.StandardEngine - Starting Servlet engine: [Apache Tomcat/11.0.14]
2025-11-29 13:44:31 [main] INFO  o.s.b.w.c.s.WebApplicationContextInitializer - Root WebApplicationContext: initialization completed in 3018 ms
2025-11-29 13:44:31 [main] INFO  o.h.jpa.internal.util.LogHelper - HHH000204: Processing PersistenceUnitInfo [name: default]
2025-11-29 13:44:31 [main] INFO  org.hibernate.Version - HHH000412: Hibernate ORM core version 7.1.8.Final
2025-11-29 13:44:31 [main] INFO  o.s.o.j.p.SpringPersistenceUnitInfo - No LoadTimeWeaver setup: ignoring JPA class transformer
2025-11-29 13:44:31 [main] INFO  com.zaxxer.hikari.HikariDataSource - EditorsHikariPool - Starting...
2025-11-29 13:44:34 [main] INFO  com.zaxxer.hikari.pool.HikariPool - EditorsHikariPool - Added connection org.postgresql.jdbc.PgConnection@69c227fd
2025-11-29 13:44:34 [main] INFO  com.zaxxer.hikari.HikariDataSource - EditorsHikariPool - Start completed.
2025-11-29 13:44:34 [main] WARN  org.hibernate.orm.deprecation - HHH90000025: PostgreSQLDialect does not need to be specified explicitly using 'hibernate.dialect' (remove the property setting and it will be selected by default)
2025-11-29 13:44:35 [main] INFO  o.hibernate.orm.connections.pooling - HHH10001005: Database info:
	Database JDBC URL [jdbc:postgresql://ep-dawn-bonus-a18m2whh-pooler.ap-southeast-1.aws.neon.tech:5432/neondb]
	Database driver: PostgreSQL JDBC Driver
	Database dialect: PostgreSQLDialect
	Database version: 17.6
	Default catalog/schema: neondb/public
	Autocommit mode: undefined/unknown
	Isolation level: READ_COMMITTED [default READ_COMMITTED]
	JDBC fetch size: none
	Pool: DatasourceConnectionProviderImpl
	Minimum pool size: undefined/unknown
	Maximum pool size: undefined/unknown
2025-11-29 13:44:36 [main] INFO  o.h.e.t.j.p.i.JtaPlatformInitiator - HHH000489: No JTA platform available (set 'hibernate.transaction.jta.platform' to enable JTA platform integration)
2025-11-29 13:44:36 [main] INFO  org.hibernate.orm.jdbc.batch - HHH100501: Automatic JDBC statement batching enabled (maximum batch size 20)
2025-11-29 13:44:40 [main] INFO  o.s.o.j.LocalContainerEntityManagerFactoryBean - Initialized JPA EntityManagerFactory for persistence unit 'default'
2025-11-29 13:44:40 [main] INFO  o.s.d.j.r.q.QueryEnhancerFactories - Hibernate is in classpath; If applicable, HQL parser will be used.
2025-11-29 13:44:41 [main] DEBUG o.e.e.c.CookieAuthenticationFilter - Filter 'cookieAuthenticationFilter' configured for use
2025-11-29 13:44:41 [main] INFO  o.s.s.c.a.a.c.InitializeUserDetailsBeanManagerConfigurer$InitializeUserDetailsManagerConfigurer - Global AuthenticationManager configured with UserDetailsService bean with name inMemoryUserDetailsManager
2025-11-29 13:44:41 [main] DEBUG o.s.s.web.DefaultSecurityFilterChain - Will secure any request with filters: DisableEncodeUrlFilter, WebAsyncManagerIntegrationFilter, SecurityContextHolderFilter, HeaderWriterFilter, CsrfFilter, LogoutFilter, CookieAuthenticationFilter, RequestCacheAwareFilter, SecurityContextHolderAwareRequestFilter, AnonymousAuthenticationFilter, SessionManagementFilter, ExceptionTranslationFilter, AuthorizationFilter
2025-11-29 13:44:41 [main] INFO  o.s.b.w.a.WelcomePageHandlerMapping - Adding welcome page template: index
2025-11-29 13:44:42 [main] INFO  o.s.boot.tomcat.TomcatWebServer - Tomcat started on port 8080 (http) with context path '/'
2025-11-29 13:44:42 [main] INFO  org.example.editors_uz.Application - Started Application in 14.661 seconds (process running for 26.727)
2025-11-29 13:44:46 [http-nio-8080-exec-1] INFO  o.a.c.c.C.[Tomcat].[localhost].[/] - Initializing Spring DispatcherServlet 'dispatcherServlet'
2025-11-29 13:44:46 [http-nio-8080-exec-1] INFO  o.s.web.servlet.DispatcherServlet - Initializing Servlet 'dispatcherServlet'
2025-11-29 13:44:46 [http-nio-8080-exec-1] INFO  o.s.web.servlet.DispatcherServlet - Completed initialization in 1 ms
2025-11-29 13:44:46 [http-nio-8080-exec-1] DEBUG o.s.security.web.FilterChainProxy - Securing GET /templates
2025-11-29 13:44:46 [http-nio-8080-exec-1] DEBUG o.e.e.c.CookieAuthenticationFilter - Processing request: /templates
2025-11-29 13:44:46 [http-nio-8080-exec-1] DEBUG o.e.e.c.CookieAuthenticationFilter - AUTH_TOKEN cookie topildi
2025-11-29 13:44:46 [http-nio-8080-exec-1] DEBUG o.e.e.c.CookieAuthenticationFilter - Token topildi: 63d7c4c6...
2025-11-29 13:44:47 [http-nio-8080-exec-1] DEBUG org.hibernate.SQL - select u1_0.id,u1_0.create_time,u1_0.enabled,u1_0.key,u1_0.password,u1_0.role,u1_0.salary,u1_0.update_time,u1_0.username from users u1_0 where u1_0.key=?
2025-11-29 13:44:48 [http-nio-8080-exec-1] INFO  o.e.e.c.CookieAuthenticationFilter - Foydalanuvchi autentifikatsiya qilindi: Samandarerro
2025-11-29 13:44:48 [http-nio-8080-exec-1] DEBUG o.e.e.c.CookieAuthenticationFilter - Authentication context o'rnatildi
2025-11-29 13:44:48 [http-nio-8080-exec-1] DEBUG o.s.security.web.FilterChainProxy - Secured GET /templates
2025-11-29 13:44:48 [http-nio-8080-exec-1] DEBUG org.hibernate.SQL - select u1_0.id,u1_0.create_time,u1_0.enabled,u1_0.key,u1_0.password,u1_0.role,u1_0.salary,u1_0.update_time,u1_0.username from users u1_0 where u1_0.key=?
2025-11-29 13:44:48 [http-nio-8080-exec-1] DEBUG org.hibernate.SQL - select p1_0.id,p1_0.create_time,p1_0.description,p1_0.name,p1_0.type,p1_0.photo_id,p1_0.price,p1_0.update_time from product p1_0 where p1_0.type=?
2025-11-29 13:44:48 [http-nio-8080-exec-1] DEBUG org.hibernate.SQL - select a1_0.id,a1_0.content_type,a1_0.create_time,a1_0.file_name,a1_0.update_time from attachment a1_0 where a1_0.id=?
2025-11-29 13:44:50 [http-nio-8080-exec-4] DEBUG o.s.security.web.FilterChainProxy - Securing GET /img/logo.png
2025-11-29 13:44:50 [http-nio-8080-exec-3] DEBUG o.s.security.web.FilterChainProxy - Securing GET /file/1
2025-11-29 13:44:50 [http-nio-8080-exec-4] DEBUG o.e.e.c.CookieAuthenticationFilter - Processing request: /img/logo.png
2025-11-29 13:44:50 [http-nio-8080-exec-4] DEBUG o.e.e.c.CookieAuthenticationFilter - AUTH_TOKEN cookie topildi
2025-11-29 13:44:50 [http-nio-8080-exec-4] DEBUG o.e.e.c.CookieAuthenticationFilter - Token topildi: 63d7c4c6...
2025-11-29 13:44:50 [http-nio-8080-exec-3] DEBUG o.e.e.c.CookieAuthenticationFilter - Processing request: /file/1
2025-11-29 13:44:50 [http-nio-8080-exec-3] DEBUG o.e.e.c.CookieAuthenticationFilter - AUTH_TOKEN cookie topildi
2025-11-29 13:44:50 [http-nio-8080-exec-3] DEBUG o.e.e.c.CookieAuthenticationFilter - Token topildi: 63d7c4c6...
2025-11-29 13:44:50 [http-nio-8080-exec-4] DEBUG org.hibernate.SQL - select u1_0.id,u1_0.create_time,u1_0.enabled,u1_0.key,u1_0.password,u1_0.role,u1_0.salary,u1_0.update_time,u1_0.username from users u1_0 where u1_0.key=?
2025-11-29 13:44:50 [http-nio-8080-exec-3] DEBUG org.hibernate.SQL - select u1_0.id,u1_0.create_time,u1_0.enabled,u1_0.key,u1_0.password,u1_0.role,u1_0.salary,u1_0.update_time,u1_0.username from users u1_0 where u1_0.key=?
2025-11-29 13:44:50 [http-nio-8080-exec-3] INFO  o.e.e.c.CookieAuthenticationFilter - Foydalanuvchi autentifikatsiya qilindi: Samandarerro
2025-11-29 13:44:50 [http-nio-8080-exec-4] INFO  o.e.e.c.CookieAuthenticationFilter - Foydalanuvchi autentifikatsiya qilindi: Samandarerro
2025-11-29 13:44:50 [http-nio-8080-exec-3] DEBUG o.e.e.c.CookieAuthenticationFilter - Authentication context o'rnatildi
2025-11-29 13:44:50 [http-nio-8080-exec-4] DEBUG o.e.e.c.CookieAuthenticationFilter - Authentication context o'rnatildi
2025-11-29 13:44:50 [http-nio-8080-exec-3] DEBUG o.s.security.web.FilterChainProxy - Secured GET /file/1
2025-11-29 13:44:50 [http-nio-8080-exec-4] DEBUG o.s.security.web.FilterChainProxy - Secured GET /img/logo.png
2025-11-29 13:44:51 [http-nio-8080-exec-3] DEBUG org.hibernate.SQL - select ac1_0.id,ac1_0.attachment_id,ac1_0.content,ac1_0.create_time,ac1_0.update_time from attachment_content ac1_0 where ac1_0.attachment_id=?
2025-11-29 13:44:52 [http-nio-8080-exec-3] DEBUG org.hibernate.SQL - select a1_0.id,a1_0.content_type,a1_0.create_time,a1_0.file_name,a1_0.update_time from attachment a1_0 where a1_0.id=?
2025-11-29 13:44:52 [http-nio-8080-exec-2] DEBUG o.s.security.web.FilterChainProxy - Securing GET /favicon.ico
2025-11-29 13:44:52 [http-nio-8080-exec-2] DEBUG o.e.e.c.CookieAuthenticationFilter - Processing request: /favicon.ico
2025-11-29 13:44:52 [http-nio-8080-exec-2] DEBUG o.e.e.c.CookieAuthenticationFilter - AUTH_TOKEN cookie topildi
2025-11-29 13:44:52 [http-nio-8080-exec-2] DEBUG o.e.e.c.CookieAuthenticationFilter - Token topildi: 63d7c4c6...
2025-11-29 13:44:52 [http-nio-8080-exec-2] DEBUG org.hibernate.SQL - select u1_0.id,u1_0.create_time,u1_0.enabled,u1_0.key,u1_0.password,u1_0.role,u1_0.salary,u1_0.update_time,u1_0.username from users u1_0 where u1_0.key=?
2025-11-29 13:44:53 [http-nio-8080-exec-2] INFO  o.e.e.c.CookieAuthenticationFilter - Foydalanuvchi autentifikatsiya qilindi: Samandarerro
2025-11-29 13:44:53 [http-nio-8080-exec-2] DEBUG o.e.e.c.CookieAuthenticationFilter - Authentication context o'rnatildi
2025-11-29 13:44:53 [http-nio-8080-exec-2] DEBUG o.s.security.web.FilterChainProxy - Secured GET /favicon.ico
2025-11-29 13:44:54 [http-nio-8080-exec-5] DEBUG o.s.security.web.FilterChainProxy - Securing GET /courses
2025-11-29 13:44:54 [http-nio-8080-exec-5] DEBUG o.e.e.c.CookieAuthenticationFilter - Processing request: /courses
2025-11-29 13:44:54 [http-nio-8080-exec-5] DEBUG o.e.e.c.CookieAuthenticationFilter - AUTH_TOKEN cookie topildi
2025-11-29 13:44:54 [http-nio-8080-exec-5] DEBUG o.e.e.c.CookieAuthenticationFilter - Token topildi: 63d7c4c6...
2025-11-29 13:44:54 [http-nio-8080-exec-5] DEBUG org.hibernate.SQL - select u1_0.id,u1_0.create_time,u1_0.enabled,u1_0.key,u1_0.password,u1_0.role,u1_0.salary,u1_0.update_time,u1_0.username from users u1_0 where u1_0.key=?
2025-11-29 13:44:54 [http-nio-8080-exec-5] INFO  o.e.e.c.CookieAuthenticationFilter - Foydalanuvchi autentifikatsiya qilindi: Samandarerro
2025-11-29 13:44:54 [http-nio-8080-exec-5] DEBUG o.e.e.c.CookieAuthenticationFilter - Authentication context o'rnatildi
2025-11-29 13:44:54 [http-nio-8080-exec-5] DEBUG o.s.security.web.FilterChainProxy - Secured GET /courses
2025-11-29 13:44:54 [http-nio-8080-exec-5] DEBUG org.hibernate.SQL - select u1_0.id,u1_0.create_time,u1_0.enabled,u1_0.key,u1_0.password,u1_0.role,u1_0.salary,u1_0.update_time,u1_0.username from users u1_0 where u1_0.key=?
2025-11-29 13:44:54 [http-nio-8080-exec-5] DEBUG org.hibernate.SQL - select p1_0.id,p1_0.create_time,p1_0.description,p1_0.name,p1_0.type,p1_0.photo_id,p1_0.price,p1_0.update_time from product p1_0 where p1_0.type=?
2025-11-29 13:44:54 [http-nio-8080-exec-6] DEBUG o.s.security.web.FilterChainProxy - Securing GET /img/logo.png
2025-11-29 13:44:54 [http-nio-8080-exec-6] DEBUG o.e.e.c.CookieAuthenticationFilter - Processing request: /img/logo.png
2025-11-29 13:44:54 [http-nio-8080-exec-6] DEBUG o.e.e.c.CookieAuthenticationFilter - AUTH_TOKEN cookie topildi
2025-11-29 13:44:54 [http-nio-8080-exec-6] DEBUG o.e.e.c.CookieAuthenticationFilter - Token topildi: 63d7c4c6...
2025-11-29 13:44:54 [http-nio-8080-exec-6] DEBUG org.hibernate.SQL - select u1_0.id,u1_0.create_time,u1_0.enabled,u1_0.key,u1_0.password,u1_0.role,u1_0.salary,u1_0.update_time,u1_0.username from users u1_0 where u1_0.key=?
2025-11-29 13:44:55 [http-nio-8080-exec-6] INFO  o.e.e.c.CookieAuthenticationFilter - Foydalanuvchi autentifikatsiya qilindi: Samandarerro
2025-11-29 13:44:55 [http-nio-8080-exec-6] DEBUG o.e.e.c.CookieAuthenticationFilter - Authentication context o'rnatildi
2025-11-29 13:44:55 [http-nio-8080-exec-6] DEBUG o.s.security.web.FilterChainProxy - Secured GET /img/logo.png
2025-11-29 13:44:55 [http-nio-8080-exec-7] DEBUG o.s.security.web.FilterChainProxy - Securing GET /favicon.ico
2025-11-29 13:44:55 [http-nio-8080-exec-7] DEBUG o.e.e.c.CookieAuthenticationFilter - Processing request: /favicon.ico
2025-11-29 13:44:55 [http-nio-8080-exec-7] DEBUG o.e.e.c.CookieAuthenticationFilter - AUTH_TOKEN cookie topildi
2025-11-29 13:44:55 [http-nio-8080-exec-7] DEBUG o.e.e.c.CookieAuthenticationFilter - Token topildi: 63d7c4c6...
2025-11-29 13:44:55 [http-nio-8080-exec-7] DEBUG org.hibernate.SQL - select u1_0.id,u1_0.create_time,u1_0.enabled,u1_0.key,u1_0.password,u1_0.role,u1_0.salary,u1_0.update_time,u1_0.username from users u1_0 where u1_0.key=?
2025-11-29 13:44:55 [http-nio-8080-exec-7] INFO  o.e.e.c.CookieAuthenticationFilter - Foydalanuvchi autentifikatsiya qilindi: Samandarerro
2025-11-29 13:44:55 [http-nio-8080-exec-7] DEBUG o.e.e.c.CookieAuthenticationFilter - Authentication context o'rnatildi
2025-11-29 13:44:55 [http-nio-8080-exec-7] DEBUG o.s.security.web.FilterChainProxy - Secured GET /favicon.ico
2025-11-29 13:46:18 [SpringApplicationShutdownHook] INFO  o.s.boot.tomcat.GracefulShutdown - Commencing graceful shutdown. Waiting for active requests to complete
2025-11-29 13:46:18 [tomcat-shutdown] INFO  o.s.boot.tomcat.GracefulShutdown - Graceful shutdown complete
2025-11-29 13:46:18 [SpringApplicationShutdownHook] INFO  o.s.o.j.LocalContainerEntityManagerFactoryBean - Closing JPA EntityManagerFactory for persistence unit 'default'
2025-11-29 13:46:18 [SpringApplicationShutdownHook] INFO  com.zaxxer.hikari.HikariDataSource - EditorsHikariPool - Shutdown initiated...
2025-11-29 13:46:19 [SpringApplicationShutdownHook] INFO  com.zaxxer.hikari.HikariDataSource - EditorsHikariPool - Shutdown completed.
2025-11-29 13:46:22 [main] INFO  org.example.editors_uz.Application - Starting Application using Java 25.0.1 with PID 1436 (C:\editors_uz\target\classes started by Samandar Error in C:\editors_uz)
2025-11-29 13:46:22 [main] DEBUG org.example.editors_uz.Application - Running with Spring Boot v4.0.0, Spring v7.0.1
2025-11-29 13:46:22 [main] INFO  org.example.editors_uz.Application - No active profile set, falling back to 1 default profile: "default"
2025-11-29 13:46:23 [main] INFO  o.s.d.r.c.RepositoryConfigurationDelegate - Bootstrapping Spring Data JPA repositories in DEFAULT mode.
2025-11-29 13:46:23 [main] INFO  o.s.d.r.c.RepositoryConfigurationDelegate - Finished Spring Data repository scanning in 72 ms. Found 5 JPA repository interfaces.
2025-11-29 13:46:23 [main] INFO  o.s.boot.tomcat.TomcatWebServer - Tomcat initialized with port 8080 (http)
2025-11-29 13:46:23 [main] INFO  o.a.catalina.core.StandardService - Starting service [Tomcat]
2025-11-29 13:46:23 [main] INFO  o.a.catalina.core.StandardEngine - Starting Servlet engine: [Apache Tomcat/11.0.14]
2025-11-29 13:46:23 [main] INFO  o.s.b.w.c.s.WebApplicationContextInitializer - Root WebApplicationContext: initialization completed in 1590 ms
2025-11-29 13:46:24 [main] INFO  o.h.jpa.internal.util.LogHelper - HHH000204: Processing PersistenceUnitInfo [name: default]
2025-11-29 13:46:24 [main] INFO  org.hibernate.Version - HHH000412: Hibernate ORM core version 7.1.8.Final
2025-11-29 13:46:24 [main] INFO  o.s.o.j.p.SpringPersistenceUnitInfo - No LoadTimeWeaver setup: ignoring JPA class transformer
2025-11-29 13:46:24 [main] INFO  com.zaxxer.hikari.HikariDataSource - EditorsHikariPool - Starting...
2025-11-29 13:46:26 [main] INFO  com.zaxxer.hikari.pool.HikariPool - EditorsHikariPool - Added connection org.postgresql.jdbc.PgConnection@4fc71437
2025-11-29 13:46:26 [main] INFO  com.zaxxer.hikari.HikariDataSource - EditorsHikariPool - Start completed.
2025-11-29 13:46:27 [main] WARN  org.hibernate.orm.deprecation - HHH90000025: PostgreSQLDialect does not need to be specified explicitly using 'hibernate.dialect' (remove the property setting and it will be selected by default)
2025-11-29 13:46:27 [main] INFO  o.hibernate.orm.connections.pooling - HHH10001005: Database info:
	Database JDBC URL [jdbc:postgresql://ep-dawn-bonus-a18m2whh-pooler.ap-southeast-1.aws.neon.tech:5432/neondb]
	Database driver: PostgreSQL JDBC Driver
	Database dialect: PostgreSQLDialect
	Database version: 17.6
	Default catalog/schema: neondb/public
	Autocommit mode: undefined/unknown
	Isolation level: READ_COMMITTED [default READ_COMMITTED]
	JDBC fetch size: none
	Pool: DatasourceConnectionProviderImpl
	Minimum pool size: undefined/unknown
	Maximum pool size: undefined/unknown
2025-11-29 13:46:29 [main] INFO  o.h.e.t.j.p.i.JtaPlatformInitiator - HHH000489: No JTA platform available (set 'hibernate.transaction.jta.platform' to enable JTA platform integration)
2025-11-29 13:46:29 [main] INFO  org.hibernate.orm.jdbc.batch - HHH100501: Automatic JDBC statement batching enabled (maximum batch size 20)
2025-11-29 13:46:33 [main] INFO  o.s.o.j.LocalContainerEntityManagerFactoryBean - Initialized JPA EntityManagerFactory for persistence unit 'default'
2025-11-29 13:46:33 [main] INFO  o.s.d.j.r.q.QueryEnhancerFactories - Hibernate is in classpath; If applicable, HQL parser will be used.
2025-11-29 13:46:33 [main] DEBUG o.e.e.c.CookieAuthenticationFilter - Filter 'cookieAuthenticationFilter' configured for use
2025-11-29 13:46:34 [main] INFO  o.s.s.c.a.a.c.InitializeUserDetailsBeanManagerConfigurer$InitializeUserDetailsManagerConfigurer - Global AuthenticationManager configured with UserDetailsService bean with name inMemoryUserDetailsManager
2025-11-29 13:46:34 [main] DEBUG o.s.s.web.DefaultSecurityFilterChain - Will secure any request with filters: DisableEncodeUrlFilter, WebAsyncManagerIntegrationFilter, SecurityContextHolderFilter, HeaderWriterFilter, CsrfFilter, LogoutFilter, CookieAuthenticationFilter, RequestCacheAwareFilter, SecurityContextHolderAwareRequestFilter, AnonymousAuthenticationFilter, SessionManagementFilter, ExceptionTranslationFilter, AuthorizationFilter
2025-11-29 13:46:34 [main] INFO  o.s.b.w.a.WelcomePageHandlerMapping - Adding welcome page template: index
2025-11-29 13:46:34 [main] INFO  o.s.boot.tomcat.TomcatWebServer - Tomcat started on port 8080 (http) with context path '/'
2025-11-29 13:46:34 [main] INFO  org.example.editors_uz.Application - Started Application in 12.827 seconds (process running for 13.65)
2025-11-29 13:46:40 [http-nio-8080-exec-1] INFO  o.a.c.c.C.[Tomcat].[localhost].[/] - Initializing Spring DispatcherServlet 'dispatcherServlet'
2025-11-29 13:46:40 [http-nio-8080-exec-1] INFO  o.s.web.servlet.DispatcherServlet - Initializing Servlet 'dispatcherServlet'
2025-11-29 13:46:40 [http-nio-8080-exec-1] INFO  o.s.web.servlet.DispatcherServlet - Completed initialization in 0 ms
2025-11-29 13:46:40 [http-nio-8080-exec-1] DEBUG o.s.security.web.FilterChainProxy - Securing GET /courses
2025-11-29 13:46:40 [http-nio-8080-exec-1] DEBUG o.e.e.c.CookieAuthenticationFilter - Processing request: /courses
2025-11-29 13:46:40 [http-nio-8080-exec-1] DEBUG o.e.e.c.CookieAuthenticationFilter - AUTH_TOKEN cookie topildi
2025-11-29 13:46:40 [http-nio-8080-exec-1] DEBUG o.e.e.c.CookieAuthenticationFilter - Token topildi: 63d7c4c6...
2025-11-29 13:46:41 [http-nio-8080-exec-1] DEBUG org.hibernate.SQL - select u1_0.id,u1_0.create_time,u1_0.enabled,u1_0.key,u1_0.password,u1_0.role,u1_0.salary,u1_0.update_time,u1_0.username from users u1_0 where u1_0.key=?
2025-11-29 13:46:42 [http-nio-8080-exec-1] INFO  o.e.e.c.CookieAuthenticationFilter - Foydalanuvchi autentifikatsiya qilindi: Samandarerro
2025-11-29 13:46:42 [http-nio-8080-exec-1] DEBUG o.e.e.c.CookieAuthenticationFilter - Authentication context o'rnatildi
2025-11-29 13:46:42 [http-nio-8080-exec-1] DEBUG o.s.security.web.FilterChainProxy - Secured GET /courses
2025-11-29 13:46:42 [http-nio-8080-exec-1] DEBUG org.hibernate.SQL - select u1_0.id,u1_0.create_time,u1_0.enabled,u1_0.key,u1_0.password,u1_0.role,u1_0.salary,u1_0.update_time,u1_0.username from users u1_0 where u1_0.key=?
2025-11-29 13:46:42 [http-nio-8080-exec-1] DEBUG org.hibernate.SQL - select p1_0.id,p1_0.create_time,p1_0.description,p1_0.name,p1_0.type,p1_0.photo_id,p1_0.price,p1_0.update_time from product p1_0 where p1_0.type=?
2025-11-29 13:46:43 [http-nio-8080-exec-2] DEBUG o.s.security.web.FilterChainProxy - Securing GET /img/logo.png
2025-11-29 13:46:43 [http-nio-8080-exec-2] DEBUG o.e.e.c.CookieAuthenticationFilter - Processing request: /img/logo.png
2025-11-29 13:46:43 [http-nio-8080-exec-2] DEBUG o.e.e.c.CookieAuthenticationFilter - AUTH_TOKEN cookie topildi
2025-11-29 13:46:43 [http-nio-8080-exec-2] DEBUG o.e.e.c.CookieAuthenticationFilter - Token topildi: 63d7c4c6...
2025-11-29 13:46:43 [http-nio-8080-exec-2] DEBUG org.hibernate.SQL - select u1_0.id,u1_0.create_time,u1_0.enabled,u1_0.key,u1_0.password,u1_0.role,u1_0.salary,u1_0.update_time,u1_0.username from users u1_0 where u1_0.key=?
2025-11-29 13:46:43 [http-nio-8080-exec-2] INFO  o.e.e.c.CookieAuthenticationFilter - Foydalanuvchi autentifikatsiya qilindi: Samandarerro
2025-11-29 13:46:43 [http-nio-8080-exec-2] DEBUG o.e.e.c.CookieAuthenticationFilter - Authentication context o'rnatildi
2025-11-29 13:46:43 [http-nio-8080-exec-2] DEBUG o.s.security.web.FilterChainProxy - Secured GET /img/logo.png
2025-11-29 13:46:43 [http-nio-8080-exec-3] DEBUG o.s.security.web.FilterChainProxy - Securing GET /favicon.ico
2025-11-29 13:46:43 [http-nio-8080-exec-3] DEBUG o.e.e.c.CookieAuthenticationFilter - Processing request: /favicon.ico
2025-11-29 13:46:43 [http-nio-8080-exec-3] DEBUG o.e.e.c.CookieAuthenticationFilter - AUTH_TOKEN cookie topildi
2025-11-29 13:46:43 [http-nio-8080-exec-3] DEBUG o.e.e.c.CookieAuthenticationFilter - Token topildi: 63d7c4c6...
2025-11-29 13:46:43 [http-nio-8080-exec-3] DEBUG org.hibernate.SQL - select u1_0.id,u1_0.create_time,u1_0.enabled,u1_0.key,u1_0.password,u1_0.role,u1_0.salary,u1_0.update_time,u1_0.username from users u1_0 where u1_0.key=?
2025-11-29 13:46:44 [http-nio-8080-exec-3] INFO  o.e.e.c.CookieAuthenticationFilter - Foydalanuvchi autentifikatsiya qilindi: Samandarerro
2025-11-29 13:46:44 [http-nio-8080-exec-3] DEBUG o.e.e.c.CookieAuthenticationFilter - Authentication context o'rnatildi
2025-11-29 13:46:44 [http-nio-8080-exec-3] DEBUG o.s.security.web.FilterChainProxy - Secured GET /favicon.ico
2025-11-29 13:46:45 [http-nio-8080-exec-4] DEBUG o.s.security.web.FilterChainProxy - Securing GET /templates
2025-11-29 13:46:45 [http-nio-8080-exec-4] DEBUG o.e.e.c.CookieAuthenticationFilter - Processing request: /templates
2025-11-29 13:46:45 [http-nio-8080-exec-4] DEBUG o.e.e.c.CookieAuthenticationFilter - AUTH_TOKEN cookie topildi
2025-11-29 13:46:45 [http-nio-8080-exec-4] DEBUG o.e.e.c.CookieAuthenticationFilter - Token topildi: 63d7c4c6...
2025-11-29 13:46:45 [http-nio-8080-exec-4] DEBUG org.hibernate.SQL - select u1_0.id,u1_0.create_time,u1_0.enabled,u1_0.key,u1_0.password,u1_0.role,u1_0.salary,u1_0.update_time,u1_0.username from users u1_0 where u1_0.key=?
2025-11-29 13:46:45 [http-nio-8080-exec-4] INFO  o.e.e.c.CookieAuthenticationFilter - Foydalanuvchi autentifikatsiya qilindi: Samandarerro
2025-11-29 13:46:45 [http-nio-8080-exec-4] DEBUG o.e.e.c.CookieAuthenticationFilter - Authentication context o'rnatildi
2025-11-29 13:46:45 [http-nio-8080-exec-4] DEBUG o.s.security.web.FilterChainProxy - Secured GET /templates
2025-11-29 13:46:45 [http-nio-8080-exec-4] DEBUG org.hibernate.SQL - select u1_0.id,u1_0.create_time,u1_0.enabled,u1_0.key,u1_0.password,u1_0.role,u1_0.salary,u1_0.update_time,u1_0.username from users u1_0 where u1_0.key=?
2025-11-29 13:46:46 [http-nio-8080-exec-4] DEBUG org.hibernate.SQL - select p1_0.id,p1_0.create_time,p1_0.description,p1_0.name,p1_0.type,p1_0.photo_id,p1_0.price,p1_0.update_time from product p1_0 where p1_0.type=?
2025-11-29 13:46:46 [http-nio-8080-exec-4] DEBUG org.hibernate.SQL - select a1_0.id,a1_0.content_type,a1_0.create_time,a1_0.file_name,a1_0.update_time from attachment a1_0 where a1_0.id=?
2025-11-29 13:46:46 [http-nio-8080-exec-5] DEBUG o.s.security.web.FilterChainProxy - Securing GET /img/logo.png
2025-11-29 13:46:46 [http-nio-8080-exec-5] DEBUG o.e.e.c.CookieAuthenticationFilter - Processing request: /img/logo.png
2025-11-29 13:46:46 [http-nio-8080-exec-5] DEBUG o.e.e.c.CookieAuthenticationFilter - AUTH_TOKEN cookie topildi
2025-11-29 13:46:46 [http-nio-8080-exec-5] DEBUG o.e.e.c.CookieAuthenticationFilter - Token topildi: 63d7c4c6...
2025-11-29 13:46:46 [http-nio-8080-exec-5] DEBUG org.hibernate.SQL - select u1_0.id,u1_0.create_time,u1_0.enabled,u1_0.key,u1_0.password,u1_0.role,u1_0.salary,u1_0.update_time,u1_0.username from users u1_0 where u1_0.key=?
2025-11-29 13:46:46 [http-nio-8080-exec-6] DEBUG o.s.security.web.FilterChainProxy - Securing GET /file/1
2025-11-29 13:46:46 [http-nio-8080-exec-6] DEBUG o.e.e.c.CookieAuthenticationFilter - Processing request: /file/1
2025-11-29 13:46:46 [http-nio-8080-exec-6] DEBUG o.e.e.c.CookieAuthenticationFilter - AUTH_TOKEN cookie topildi
2025-11-29 13:46:46 [http-nio-8080-exec-6] DEBUG o.e.e.c.CookieAuthenticationFilter - Token topildi: 63d7c4c6...
2025-11-29 13:46:46 [http-nio-8080-exec-6] DEBUG org.hibernate.SQL - select u1_0.id,u1_0.create_time,u1_0.enabled,u1_0.key,u1_0.password,u1_0.role,u1_0.salary,u1_0.update_time,u1_0.username from users u1_0 where u1_0.key=?
2025-11-29 13:46:47 [http-nio-8080-exec-5] INFO  o.e.e.c.CookieAuthenticationFilter - Foydalanuvchi autentifikatsiya qilindi: Samandarerro
2025-11-29 13:46:47 [http-nio-8080-exec-5] DEBUG o.e.e.c.CookieAuthenticationFilter - Authentication context o'rnatildi
2025-11-29 13:46:47 [http-nio-8080-exec-5] DEBUG o.s.security.web.FilterChainProxy - Secured GET /img/logo.png
2025-11-29 13:46:47 [http-nio-8080-exec-6] INFO  o.e.e.c.CookieAuthenticationFilter - Foydalanuvchi autentifikatsiya qilindi: Samandarerro
2025-11-29 13:46:47 [http-nio-8080-exec-6] DEBUG o.e.e.c.CookieAuthenticationFilter - Authentication context o'rnatildi
2025-11-29 13:46:47 [http-nio-8080-exec-6] DEBUG o.s.security.web.FilterChainProxy - Secured GET /file/1
2025-11-29 13:46:47 [http-nio-8080-exec-6] DEBUG org.hibernate.SQL - select ac1_0.id,ac1_0.attachment_id,ac1_0.content,ac1_0.create_time,ac1_0.update_time from attachment_content ac1_0 where ac1_0.attachment_id=?
2025-11-29 13:46:48 [http-nio-8080-exec-6] DEBUG org.hibernate.SQL - select a1_0.id,a1_0.content_type,a1_0.create_time,a1_0.file_name,a1_0.update_time from attachment a1_0 where a1_0.id=?
2025-11-29 13:46:49 [http-nio-8080-exec-8] DEBUG o.s.security.web.FilterChainProxy - Securing GET /favicon.ico
2025-11-29 13:46:49 [http-nio-8080-exec-8] DEBUG o.e.e.c.CookieAuthenticationFilter - Processing request: /favicon.ico
2025-11-29 13:46:49 [http-nio-8080-exec-8] DEBUG o.e.e.c.CookieAuthenticationFilter - AUTH_TOKEN cookie topildi
2025-11-29 13:46:49 [http-nio-8080-exec-8] DEBUG o.e.e.c.CookieAuthenticationFilter - Token topildi: 63d7c4c6...
2025-11-29 13:46:49 [http-nio-8080-exec-8] DEBUG org.hibernate.SQL - select u1_0.id,u1_0.create_time,u1_0.enabled,u1_0.key,u1_0.password,u1_0.role,u1_0.salary,u1_0.update_time,u1_0.username from users u1_0 where u1_0.key=?
2025-11-29 13:46:49 [http-nio-8080-exec-8] INFO  o.e.e.c.CookieAuthenticationFilter - Foydalanuvchi autentifikatsiya qilindi: Samandarerro
2025-11-29 13:46:49 [http-nio-8080-exec-8] DEBUG o.e.e.c.CookieAuthenticationFilter - Authentication context o'rnatildi
2025-11-29 13:46:49 [http-nio-8080-exec-8] DEBUG o.s.security.web.FilterChainProxy - Secured GET /favicon.ico
2025-11-29 13:46:55 [http-nio-8080-exec-7] DEBUG o.s.security.web.FilterChainProxy - Securing GET /course/buy/1
2025-11-29 13:46:55 [http-nio-8080-exec-7] DEBUG o.e.e.c.CookieAuthenticationFilter - Processing request: /course/buy/1
2025-11-29 13:46:55 [http-nio-8080-exec-7] DEBUG o.e.e.c.CookieAuthenticationFilter - AUTH_TOKEN cookie topildi
2025-11-29 13:46:55 [http-nio-8080-exec-7] DEBUG o.e.e.c.CookieAuthenticationFilter - Token topildi: 63d7c4c6...
2025-11-29 13:46:55 [http-nio-8080-exec-7] DEBUG org.hibernate.SQL - select u1_0.id,u1_0.create_time,u1_0.enabled,u1_0.key,u1_0.password,u1_0.role,u1_0.salary,u1_0.update_time,u1_0.username from users u1_0 where u1_0.key=?
2025-11-29 13:46:56 [http-nio-8080-exec-7] INFO  o.e.e.c.CookieAuthenticationFilter - Foydalanuvchi autentifikatsiya qilindi: Samandarerro
2025-11-29 13:46:56 [http-nio-8080-exec-7] DEBUG o.e.e.c.CookieAuthenticationFilter - Authentication context o'rnatildi
2025-11-29 13:46:56 [http-nio-8080-exec-7] DEBUG o.s.security.web.FilterChainProxy - Secured GET /course/buy/1
2025-11-29 13:46:56 [http-nio-8080-exec-7] DEBUG org.hibernate.SQL - select u1_0.id,u1_0.create_time,u1_0.enabled,u1_0.key,u1_0.password,u1_0.role,u1_0.salary,u1_0.update_time,u1_0.username from users u1_0 where u1_0.key=?
2025-11-29 13:46:56 [http-nio-8080-exec-7] DEBUG org.hibernate.SQL - select p1_0.id,p1_0.create_time,p1_0.description,p1_0.name,p1_0.type,p2_0.id,p2_0.content_type,p2_0.create_time,p2_0.file_name,p2_0.update_time,p1_0.price,p1_0.update_time from product p1_0 left join attachment p2_0 on p2_0.id=p1_0.photo_id where p1_0.id=?
2025-11-29 13:46:56 [http-nio-8080-exec-7] INFO  o.e.e.controller.BuyController -  Kurs sotib olish sahifasi ochildi: user=Samandarerro, template=Samandar, price=1000, userBalance=99000
2025-11-29 13:46:56 [http-nio-8080-exec-7] DEBUG org.hibernate.SQL - select o1_0.id from orders o1_0 where o1_0.user_id=? and o1_0.product_id=? fetch first ? rows only
2025-11-29 13:46:56 [http-nio-8080-exec-7] DEBUG org.hibernate.SQL - select o1_0.id,o1_0.access_uuid,o1_0.create_time,o1_0.product_id,o1_0.update_time,o1_0.user_id from orders o1_0 where o1_0.user_id=? and o1_0.product_id=?
2025-11-29 13:46:57 [http-nio-8080-exec-7] WARN  o.e.e.controller.BuyController -  Kurs allaqachon sotib olingan: user=Samandarerro, course=Samandar
2025-11-29 13:46:57 [http-nio-8080-exec-9] DEBUG o.s.security.web.FilterChainProxy - Securing GET /favicon.ico
2025-11-29 13:46:57 [http-nio-8080-exec-9] DEBUG o.e.e.c.CookieAuthenticationFilter - Processing request: /favicon.ico
2025-11-29 13:46:57 [http-nio-8080-exec-9] DEBUG o.e.e.c.CookieAuthenticationFilter - AUTH_TOKEN cookie topildi
2025-11-29 13:46:57 [http-nio-8080-exec-9] DEBUG o.e.e.c.CookieAuthenticationFilter - Token topildi: 63d7c4c6...
2025-11-29 13:46:57 [http-nio-8080-exec-9] DEBUG org.hibernate.SQL - select u1_0.id,u1_0.create_time,u1_0.enabled,u1_0.key,u1_0.password,u1_0.role,u1_0.salary,u1_0.update_time,u1_0.username from users u1_0 where u1_0.key=?
2025-11-29 13:46:57 [http-nio-8080-exec-9] INFO  o.e.e.c.CookieAuthenticationFilter - Foydalanuvchi autentifikatsiya qilindi: Samandarerro
2025-11-29 13:46:57 [http-nio-8080-exec-9] DEBUG o.e.e.c.CookieAuthenticationFilter - Authentication context o'rnatildi
2025-11-29 13:46:57 [http-nio-8080-exec-9] DEBUG o.s.security.web.FilterChainProxy - Secured GET /favicon.ico
2025-11-29 13:47:03 [http-nio-8080-exec-10] DEBUG o.s.security.web.FilterChainProxy - Securing GET /courses
2025-11-29 13:47:03 [http-nio-8080-exec-10] DEBUG o.e.e.c.CookieAuthenticationFilter - Processing request: /courses
2025-11-29 13:47:03 [http-nio-8080-exec-10] DEBUG o.e.e.c.CookieAuthenticationFilter - AUTH_TOKEN cookie topildi
2025-11-29 13:47:03 [http-nio-8080-exec-10] DEBUG o.e.e.c.CookieAuthenticationFilter - Token topildi: 63d7c4c6...
2025-11-29 13:47:03 [http-nio-8080-exec-10] DEBUG org.hibernate.SQL - select u1_0.id,u1_0.create_time,u1_0.enabled,u1_0.key,u1_0.password,u1_0.role,u1_0.salary,u1_0.update_time,u1_0.username from users u1_0 where u1_0.key=?
2025-11-29 13:47:03 [http-nio-8080-exec-10] INFO  o.e.e.c.CookieAuthenticationFilter - Foydalanuvchi autentifikatsiya qilindi: Samandarerro
2025-11-29 13:47:03 [http-nio-8080-exec-10] DEBUG o.e.e.c.CookieAuthenticationFilter - Authentication context o'rnatildi
2025-11-29 13:47:03 [http-nio-8080-exec-10] DEBUG o.s.security.web.FilterChainProxy - Secured GET /courses
2025-11-29 13:47:03 [http-nio-8080-exec-10] DEBUG org.hibernate.SQL - select u1_0.id,u1_0.create_time,u1_0.enabled,u1_0.key,u1_0.password,u1_0.role,u1_0.salary,u1_0.update_time,u1_0.username from users u1_0 where u1_0.key=?
2025-11-29 13:47:03 [http-nio-8080-exec-10] DEBUG org.hibernate.SQL - select p1_0.id,p1_0.create_time,p1_0.description,p1_0.name,p1_0.type,p1_0.photo_id,p1_0.price,p1_0.update_time from product p1_0 where p1_0.type=?
2025-11-29 13:47:04 [http-nio-8080-exec-1] DEBUG o.s.security.web.FilterChainProxy - Securing GET /img/logo.png
2025-11-29 13:47:04 [http-nio-8080-exec-1] DEBUG o.e.e.c.CookieAuthenticationFilter - Processing request: /img/logo.png
2025-11-29 13:47:04 [http-nio-8080-exec-1] DEBUG o.e.e.c.CookieAuthenticationFilter - AUTH_TOKEN cookie topildi
2025-11-29 13:47:04 [http-nio-8080-exec-1] DEBUG o.e.e.c.CookieAuthenticationFilter - Token topildi: 63d7c4c6...
2025-11-29 13:47:04 [http-nio-8080-exec-1] DEBUG org.hibernate.SQL - select u1_0.id,u1_0.create_time,u1_0.enabled,u1_0.key,u1_0.password,u1_0.role,u1_0.salary,u1_0.update_time,u1_0.username from users u1_0 where u1_0.key=?
2025-11-29 13:47:04 [http-nio-8080-exec-1] INFO  o.e.e.c.CookieAuthenticationFilter - Foydalanuvchi autentifikatsiya qilindi: Samandarerro
2025-11-29 13:47:04 [http-nio-8080-exec-1] DEBUG o.e.e.c.CookieAuthenticationFilter - Authentication context o'rnatildi
2025-11-29 13:47:04 [http-nio-8080-exec-1] DEBUG o.s.security.web.FilterChainProxy - Secured GET /img/logo.png
2025-11-29 13:47:04 [http-nio-8080-exec-2] DEBUG o.s.security.web.FilterChainProxy - Securing GET /favicon.ico
2025-11-29 13:47:04 [http-nio-8080-exec-2] DEBUG o.e.e.c.CookieAuthenticationFilter - Processing request: /favicon.ico
2025-11-29 13:47:04 [http-nio-8080-exec-2] DEBUG o.e.e.c.CookieAuthenticationFilter - AUTH_TOKEN cookie topildi
2025-11-29 13:47:04 [http-nio-8080-exec-2] DEBUG o.e.e.c.CookieAuthenticationFilter - Token topildi: 63d7c4c6...
2025-11-29 13:47:04 [http-nio-8080-exec-2] DEBUG org.hibernate.SQL - select u1_0.id,u1_0.create_time,u1_0.enabled,u1_0.key,u1_0.password,u1_0.role,u1_0.salary,u1_0.update_time,u1_0.username from users u1_0 where u1_0.key=?
2025-11-29 13:47:04 [http-nio-8080-exec-2] INFO  o.e.e.c.CookieAuthenticationFilter - Foydalanuvchi autentifikatsiya qilindi: Samandarerro
2025-11-29 13:47:04 [http-nio-8080-exec-2] DEBUG o.e.e.c.CookieAuthenticationFilter - Authentication context o'rnatildi
2025-11-29 13:47:04 [http-nio-8080-exec-2] DEBUG o.s.security.web.FilterChainProxy - Secured GET /favicon.ico
2025-11-29 13:49:21 [SpringApplicationShutdownHook] INFO  o.s.boot.tomcat.GracefulShutdown - Commencing graceful shutdown. Waiting for active requests to complete
2025-11-29 13:49:21 [tomcat-shutdown] INFO  o.s.boot.tomcat.GracefulShutdown - Graceful shutdown complete
2025-11-29 13:49:21 [SpringApplicationShutdownHook] INFO  o.s.o.j.LocalContainerEntityManagerFactoryBean - Closing JPA EntityManagerFactory for persistence unit 'default'
2025-11-29 13:49:21 [SpringApplicationShutdownHook] INFO  com.zaxxer.hikari.HikariDataSource - EditorsHikariPool - Shutdown initiated...
2025-11-29 13:49:22 [SpringApplicationShutdownHook] INFO  com.zaxxer.hikari.HikariDataSource - EditorsHikariPool - Shutdown completed.
